  [1m[35m (0.2ms)[0m  [1m[34mSELECT sqlite_version(*)[0m
  [1m[35m (95.1ms)[0m  [1m[35mCREATE TABLE "schema_migrations" ("version" varchar NOT NULL PRIMARY KEY)[0m
  [1m[35m (96.5ms)[0m  [1m[35mCREATE TABLE "ar_internal_metadata" ("key" varchar NOT NULL PRIMARY KEY, "value" varchar, "created_at" datetime NOT NULL, "updated_at" datetime NOT NULL)[0m
  [1m[35m (0.3ms)[0m  [1m[34mSELECT "schema_migrations"."version" FROM "schema_migrations" ORDER BY "schema_migrations"."version" ASC[0m
Migrating to CreateUsers (20171221000426)
  [1m[35m (0.1ms)[0m  [1m[36mbegin transaction[0m
  [1m[35m (1.6ms)[0m  [1m[35mCREATE TABLE "users" ("id" INTEGER PRIMARY KEY AUTOINCREMENT NOT NULL, "username" varchar, "email" varchar, "password" varchar, "created_at" datetime NOT NULL, "updated_at" datetime NOT NULL)[0m
  [1m[35mSQL (0.3ms)[0m  [1m[32mINSERT INTO "schema_migrations" ("version") VALUES (?)[0m  [["version", "20171221000426"]]
  [1m[35m (89.5ms)[0m  [1m[36mcommit transaction[0m
  [1m[36mActiveRecord::InternalMetadata Load (0.4ms)[0m  [1m[34mSELECT  "ar_internal_metadata".* FROM "ar_internal_metadata" WHERE "ar_internal_metadata"."key" = ? LIMIT ?[0m  [["key", "environment"], ["LIMIT", 1]]
  [1m[35m (0.1ms)[0m  [1m[36mbegin transaction[0m
  [1m[35mSQL (0.4ms)[0m  [1m[32mINSERT INTO "ar_internal_metadata" ("key", "value", "created_at", "updated_at") VALUES (?, ?, ?, ?)[0m  [["key", "environment"], ["value", "development"], ["created_at", "2017-12-21 00:05:16.809945"], ["updated_at", "2017-12-21 00:05:16.809945"]]
  [1m[35m (85.7ms)[0m  [1m[36mcommit transaction[0m
  [1m[35m (0.2ms)[0m  [1m[34mSELECT "schema_migrations"."version" FROM "schema_migrations" ORDER BY "schema_migrations"."version" ASC[0m
Started GET "/users/new" for 127.0.0.1 at 2017-12-20 19:13:31 -0500
  [1m[35m (0.3ms)[0m  [1m[34mSELECT "schema_migrations"."version" FROM "schema_migrations" ORDER BY "schema_migrations"."version" ASC[0m
Processing by UsersController#new as HTML
  Rendering users/new.html.erb within layouts/application
  Rendered users/new.html.erb within layouts/application (1.4ms)
Completed 200 OK in 1927ms (Views: 1907.6ms | ActiveRecord: 0.0ms)


Started GET "/users/new" for 127.0.0.1 at 2017-12-20 20:00:31 -0500
Processing by UsersController#new as HTML
  Rendering users/new.html.erb within layouts/application
  Rendered users/new.html.erb within layouts/application (3.2ms)
Completed 200 OK in 53ms (Views: 50.4ms | ActiveRecord: 0.0ms)


Started GET "/users/new" for 127.0.0.1 at 2017-12-20 20:03:40 -0500
Processing by UsersController#new as HTML
  Rendering users/new.html.erb within layouts/application
  Rendered users/new.html.erb within layouts/application (3.0ms)
Completed 200 OK in 137ms (Views: 131.1ms | ActiveRecord: 0.0ms)


Started GET "/users/new" for 127.0.0.1 at 2017-12-20 20:07:03 -0500
Processing by UsersController#new as HTML
  Rendering users/new.html.erb within layouts/application
  Rendered users/new.html.erb within layouts/application (67.1ms)
Completed 200 OK in 178ms (Views: 172.5ms | ActiveRecord: 0.0ms)


Started GET "/users/new" for 127.0.0.1 at 2017-12-20 20:19:50 -0500
Processing by UsersController#new as HTML
  Rendering users/new.html.erb within layouts/application
  Rendered users/new.html.erb within layouts/application (0.7ms)
Completed 200 OK in 65ms (Views: 62.5ms | ActiveRecord: 0.0ms)


Started GET "/users/new" for 127.0.0.1 at 2017-12-20 20:20:27 -0500
Processing by UsersController#new as HTML
  Rendering users/new.html.erb within layouts/application
  Rendered users/new.html.erb within layouts/application (5.2ms)
Completed 500 Internal Server Error in 11ms (ActiveRecord: 0.0ms)


  
ActionView::Template::Error (Missing block):
    1: <%= form_for(@users) %>
  
app/views/users/new.html.erb:1:in `_app_views_users_new_html_erb__317562621__630521958'
Started GET "/users/new" for 127.0.0.1 at 2017-12-20 20:31:08 -0500
Processing by UsersController#new as HTML
  Rendering users/new.html.erb within layouts/application
  Rendered users/new.html.erb within layouts/application (0.7ms)
Completed 200 OK in 113ms (Views: 111.2ms | ActiveRecord: 0.0ms)


Started GET "/users/new" for 127.0.0.1 at 2017-12-20 20:31:51 -0500
Processing by UsersController#new as HTML
  Rendering users/new.html.erb within layouts/application
  Rendered users/new.html.erb within layouts/application (0.7ms)
Completed 200 OK in 48ms (Views: 45.8ms | ActiveRecord: 0.0ms)


Started GET "/users/new" for 127.0.0.1 at 2017-12-20 20:31:57 -0500
Processing by UsersController#new as HTML
  Rendering users/new.html.erb within layouts/application
  Rendered users/new.html.erb within layouts/application (0.7ms)
Completed 200 OK in 47ms (Views: 45.7ms | ActiveRecord: 0.0ms)


Started GET "/users/new" for 127.0.0.1 at 2017-12-20 20:32:15 -0500
Processing by UsersController#new as HTML
  Rendering users/new.html.erb within layouts/application
  Rendered users/new.html.erb within layouts/application (0.6ms)
Completed 200 OK in 49ms (Views: 46.7ms | ActiveRecord: 0.0ms)


Started GET "/users/new" for 127.0.0.1 at 2017-12-20 20:34:30 -0500
Processing by UsersController#new as HTML
  Rendering users/new.html.erb within layouts/application
  Rendered users/new.html.erb within layouts/application (0.8ms)
Completed 200 OK in 46ms (Views: 44.2ms | ActiveRecord: 0.0ms)


Started GET "/users/new" for 127.0.0.1 at 2017-12-20 20:37:28 -0500
Processing by UsersController#new as HTML
  Rendering users/new.html.erb within layouts/application
  Rendered users/new.html.erb within layouts/application (1.3ms)
Completed 200 OK in 66ms (Views: 63.8ms | ActiveRecord: 0.0ms)


Started POST "/users" for 127.0.0.1 at 2017-12-20 20:37:31 -0500
Processing by UsersController#create as HTML
  Parameters: {"authenticity_token"=>"4AHUv9tgk1kr8szNtzn7HC3fC3v7LuadjnohTsacvanTCbp7lOK8WmbwrYGhLZUcwBTBxQ++B3U1UTOU1IWNWQ==", "Username"=>"", "Email"=>"", "Password"=>"[FILTERED]", "Submit"=>"Submit Query"}
No template found for UsersController#create, rendering head :no_content
Completed 204 No Content in 54ms (ActiveRecord: 0.0ms)


Started POST "/users" for 127.0.0.1 at 2017-12-20 20:37:35 -0500
Processing by UsersController#create as HTML
  Parameters: {"authenticity_token"=>"4AHUv9tgk1kr8szNtzn7HC3fC3v7LuadjnohTsacvanTCbp7lOK8WmbwrYGhLZUcwBTBxQ++B3U1UTOU1IWNWQ==", "Username"=>"", "Email"=>"", "Password"=>"[FILTERED]", "Submit"=>"Submit Query"}
No template found for UsersController#create, rendering head :no_content
Completed 204 No Content in 47ms (ActiveRecord: 0.0ms)


Started POST "/users" for 127.0.0.1 at 2017-12-20 20:37:59 -0500
Processing by UsersController#create as HTML
  Parameters: {"authenticity_token"=>"4AHUv9tgk1kr8szNtzn7HC3fC3v7LuadjnohTsacvanTCbp7lOK8WmbwrYGhLZUcwBTBxQ++B3U1UTOU1IWNWQ==", "Username"=>"test", "Email"=>"test@example.com", "Password"=>"[FILTERED]", "Submit"=>"Submit Query"}
No template found for UsersController#create, rendering head :no_content
Completed 204 No Content in 52ms (ActiveRecord: 0.0ms)


Started POST "/users" for 127.0.0.1 at 2017-12-20 20:38:07 -0500
Processing by UsersController#create as HTML
  Parameters: {"authenticity_token"=>"4AHUv9tgk1kr8szNtzn7HC3fC3v7LuadjnohTsacvanTCbp7lOK8WmbwrYGhLZUcwBTBxQ++B3U1UTOU1IWNWQ==", "Username"=>"test", "Email"=>"test@example.com", "Password"=>"[FILTERED]", "Submit"=>"Submit Query"}
No template found for UsersController#create, rendering head :no_content
Completed 204 No Content in 54ms (ActiveRecord: 0.0ms)


Started GET "/users/new" for 127.0.0.1 at 2017-12-20 20:39:20 -0500
  [1m[35m (1.4ms)[0m  [1m[34mSELECT "schema_migrations"."version" FROM "schema_migrations" ORDER BY "schema_migrations"."version" ASC[0m
Processing by UsersController#new as HTML
  Rendering users/new.html.erb within layouts/application
  Rendered users/new.html.erb within layouts/application (10.5ms)
Completed 200 OK in 1623ms (Views: 1541.0ms | ActiveRecord: 0.0ms)


Started POST "/users" for 127.0.0.1 at 2017-12-20 20:39:36 -0500
Processing by UsersController#create as HTML
  Parameters: {"authenticity_token"=>"+2U32gvVOhIjrDojSL+2QtPUtvgtfifnFXXvq7wt9ufIbVkeRFcVEW6uW29eq9hCPh98Rtnuxg+uXv1xrjTGFw==", "Username"=>"test", "Email"=>"test@example.com", "Password"=>"[FILTERED]", "Submit"=>"Submit Query"}
No template found for UsersController#create, rendering head :no_content
Completed 204 No Content in 122ms (ActiveRecord: 0.0ms)


Started GET "/users/new" for 127.0.0.1 at 2017-12-20 20:52:15 -0500
Processing by UsersController#new as HTML
  Rendering users/new.html.erb within layouts/application
  Rendered users/new.html.erb within layouts/application (0.9ms)
Completed 200 OK in 48ms (Views: 46.2ms)


Started POST "/users" for 127.0.0.1 at 2017-12-20 20:52:26 -0500
Processing by UsersController#create as HTML
  Parameters: {"authenticity_token"=>"nn9ij6mlyj1c8rGTOFTWY96Dct18JqMl4K0ZgXYz2tGtdwxL5iflPhHw0N8uQLhjM0i4Y4i2Qs1bhgtbZCrqIQ==", "Username"=>"test", "Email"=>"test@example.com", "Password"=>"[FILTERED]", "Submit"=>"Submit Query"}
  [1m[35m (0.1ms)[0m  [1m[36mbegin transaction[0m
  [1m[35m (1.3ms)[0m  [1m[31mrollback transaction[0m
  Rendering users/new.html.erb within layouts/application
  Rendered users/new.html.erb within layouts/application (0.7ms)
Completed 200 OK in 186ms (Views: 51.7ms | ActiveRecord: 3.7ms)


Started GET "/users" for 127.0.0.1 at 2017-12-20 21:07:07 -0500
  
ActionController::RoutingError (No route matches [GET] "/users"):
  
actionpack (5.1.4) lib/action_dispatch/middleware/debug_exceptions.rb:63:in `call'
web-console (3.5.1) lib/web_console/middleware.rb:135:in `call_app'
web-console (3.5.1) lib/web_console/middleware.rb:28:in `block in call'
web-console (3.5.1) lib/web_console/middleware.rb:18:in `catch'
web-console (3.5.1) lib/web_console/middleware.rb:18:in `call'
actionpack (5.1.4) lib/action_dispatch/middleware/show_exceptions.rb:31:in `call'
railties (5.1.4) lib/rails/rack/logger.rb:36:in `call_app'
railties (5.1.4) lib/rails/rack/logger.rb:24:in `block in call'
activesupport (5.1.4) lib/active_support/tagged_logging.rb:69:in `block in tagged'
activesupport (5.1.4) lib/active_support/tagged_logging.rb:26:in `tagged'
activesupport (5.1.4) lib/active_support/tagged_logging.rb:69:in `tagged'
railties (5.1.4) lib/rails/rack/logger.rb:24:in `call'
sprockets-rails (3.2.1) lib/sprockets/rails/quiet_assets.rb:13:in `call'
actionpack (5.1.4) lib/action_dispatch/middleware/remote_ip.rb:79:in `call'
actionpack (5.1.4) lib/action_dispatch/middleware/request_id.rb:25:in `call'
rack (2.0.3) lib/rack/method_override.rb:22:in `call'
rack (2.0.3) lib/rack/runtime.rb:22:in `call'
activesupport (5.1.4) lib/active_support/cache/strategy/local_cache_middleware.rb:27:in `call'
actionpack (5.1.4) lib/action_dispatch/middleware/executor.rb:12:in `call'
actionpack (5.1.4) lib/action_dispatch/middleware/static.rb:125:in `call'
rack (2.0.3) lib/rack/sendfile.rb:111:in `call'
railties (5.1.4) lib/rails/engine.rb:522:in `call'
puma (3.11.0) lib/puma/configuration.rb:225:in `call'
puma (3.11.0) lib/puma/server.rb:624:in `handle_request'
puma (3.11.0) lib/puma/server.rb:438:in `process_client'
puma (3.11.0) lib/puma/server.rb:302:in `block in run'
puma (3.11.0) lib/puma/thread_pool.rb:120:in `block in spawn_thread'
Started GET "/users" for 127.0.0.1 at 2017-12-20 21:07:47 -0500
  
ActionController::RoutingError (No route matches [GET] "/users"):
  
actionpack (5.1.4) lib/action_dispatch/middleware/debug_exceptions.rb:63:in `call'
web-console (3.5.1) lib/web_console/middleware.rb:135:in `call_app'
web-console (3.5.1) lib/web_console/middleware.rb:28:in `block in call'
web-console (3.5.1) lib/web_console/middleware.rb:18:in `catch'
web-console (3.5.1) lib/web_console/middleware.rb:18:in `call'
actionpack (5.1.4) lib/action_dispatch/middleware/show_exceptions.rb:31:in `call'
railties (5.1.4) lib/rails/rack/logger.rb:36:in `call_app'
railties (5.1.4) lib/rails/rack/logger.rb:24:in `block in call'
activesupport (5.1.4) lib/active_support/tagged_logging.rb:69:in `block in tagged'
activesupport (5.1.4) lib/active_support/tagged_logging.rb:26:in `tagged'
activesupport (5.1.4) lib/active_support/tagged_logging.rb:69:in `tagged'
railties (5.1.4) lib/rails/rack/logger.rb:24:in `call'
sprockets-rails (3.2.1) lib/sprockets/rails/quiet_assets.rb:13:in `call'
actionpack (5.1.4) lib/action_dispatch/middleware/remote_ip.rb:79:in `call'
actionpack (5.1.4) lib/action_dispatch/middleware/request_id.rb:25:in `call'
rack (2.0.3) lib/rack/method_override.rb:22:in `call'
rack (2.0.3) lib/rack/runtime.rb:22:in `call'
activesupport (5.1.4) lib/active_support/cache/strategy/local_cache_middleware.rb:27:in `call'
actionpack (5.1.4) lib/action_dispatch/middleware/executor.rb:12:in `call'
actionpack (5.1.4) lib/action_dispatch/middleware/static.rb:125:in `call'
rack (2.0.3) lib/rack/sendfile.rb:111:in `call'
railties (5.1.4) lib/rails/engine.rb:522:in `call'
puma (3.11.0) lib/puma/configuration.rb:225:in `call'
puma (3.11.0) lib/puma/server.rb:624:in `handle_request'
puma (3.11.0) lib/puma/server.rb:438:in `process_client'
puma (3.11.0) lib/puma/server.rb:302:in `block in run'
puma (3.11.0) lib/puma/thread_pool.rb:120:in `block in spawn_thread'
Started GET "/users" for 127.0.0.1 at 2017-12-20 21:08:01 -0500
  
ActionController::RoutingError (No route matches [GET] "/users"):
  
actionpack (5.1.4) lib/action_dispatch/middleware/debug_exceptions.rb:63:in `call'
web-console (3.5.1) lib/web_console/middleware.rb:135:in `call_app'
web-console (3.5.1) lib/web_console/middleware.rb:28:in `block in call'
web-console (3.5.1) lib/web_console/middleware.rb:18:in `catch'
web-console (3.5.1) lib/web_console/middleware.rb:18:in `call'
actionpack (5.1.4) lib/action_dispatch/middleware/show_exceptions.rb:31:in `call'
railties (5.1.4) lib/rails/rack/logger.rb:36:in `call_app'
railties (5.1.4) lib/rails/rack/logger.rb:24:in `block in call'
activesupport (5.1.4) lib/active_support/tagged_logging.rb:69:in `block in tagged'
activesupport (5.1.4) lib/active_support/tagged_logging.rb:26:in `tagged'
activesupport (5.1.4) lib/active_support/tagged_logging.rb:69:in `tagged'
railties (5.1.4) lib/rails/rack/logger.rb:24:in `call'
sprockets-rails (3.2.1) lib/sprockets/rails/quiet_assets.rb:13:in `call'
actionpack (5.1.4) lib/action_dispatch/middleware/remote_ip.rb:79:in `call'
actionpack (5.1.4) lib/action_dispatch/middleware/request_id.rb:25:in `call'
rack (2.0.3) lib/rack/method_override.rb:22:in `call'
rack (2.0.3) lib/rack/runtime.rb:22:in `call'
activesupport (5.1.4) lib/active_support/cache/strategy/local_cache_middleware.rb:27:in `call'
actionpack (5.1.4) lib/action_dispatch/middleware/executor.rb:12:in `call'
actionpack (5.1.4) lib/action_dispatch/middleware/static.rb:125:in `call'
rack (2.0.3) lib/rack/sendfile.rb:111:in `call'
railties (5.1.4) lib/rails/engine.rb:522:in `call'
puma (3.11.0) lib/puma/configuration.rb:225:in `call'
puma (3.11.0) lib/puma/server.rb:624:in `handle_request'
puma (3.11.0) lib/puma/server.rb:438:in `process_client'
puma (3.11.0) lib/puma/server.rb:302:in `block in run'
puma (3.11.0) lib/puma/thread_pool.rb:120:in `block in spawn_thread'
Started GET "/users" for 127.0.0.1 at 2017-12-20 21:11:51 -0500
  
ActionController::RoutingError (No route matches [GET] "/users"):
  
actionpack (5.1.4) lib/action_dispatch/middleware/debug_exceptions.rb:63:in `call'
web-console (3.5.1) lib/web_console/middleware.rb:135:in `call_app'
web-console (3.5.1) lib/web_console/middleware.rb:28:in `block in call'
web-console (3.5.1) lib/web_console/middleware.rb:18:in `catch'
web-console (3.5.1) lib/web_console/middleware.rb:18:in `call'
actionpack (5.1.4) lib/action_dispatch/middleware/show_exceptions.rb:31:in `call'
railties (5.1.4) lib/rails/rack/logger.rb:36:in `call_app'
railties (5.1.4) lib/rails/rack/logger.rb:24:in `block in call'
activesupport (5.1.4) lib/active_support/tagged_logging.rb:69:in `block in tagged'
activesupport (5.1.4) lib/active_support/tagged_logging.rb:26:in `tagged'
activesupport (5.1.4) lib/active_support/tagged_logging.rb:69:in `tagged'
railties (5.1.4) lib/rails/rack/logger.rb:24:in `call'
sprockets-rails (3.2.1) lib/sprockets/rails/quiet_assets.rb:13:in `call'
actionpack (5.1.4) lib/action_dispatch/middleware/remote_ip.rb:79:in `call'
actionpack (5.1.4) lib/action_dispatch/middleware/request_id.rb:25:in `call'
rack (2.0.3) lib/rack/method_override.rb:22:in `call'
rack (2.0.3) lib/rack/runtime.rb:22:in `call'
activesupport (5.1.4) lib/active_support/cache/strategy/local_cache_middleware.rb:27:in `call'
actionpack (5.1.4) lib/action_dispatch/middleware/executor.rb:12:in `call'
actionpack (5.1.4) lib/action_dispatch/middleware/static.rb:125:in `call'
rack (2.0.3) lib/rack/sendfile.rb:111:in `call'
railties (5.1.4) lib/rails/engine.rb:522:in `call'
puma (3.11.0) lib/puma/configuration.rb:225:in `call'
puma (3.11.0) lib/puma/server.rb:624:in `handle_request'
puma (3.11.0) lib/puma/server.rb:438:in `process_client'
puma (3.11.0) lib/puma/server.rb:302:in `block in run'
puma (3.11.0) lib/puma/thread_pool.rb:120:in `block in spawn_thread'
Started GET "/users" for 127.0.0.1 at 2017-12-20 21:34:09 -0500
  
ActionController::RoutingError (No route matches [GET] "/users"):
  
actionpack (5.1.4) lib/action_dispatch/middleware/debug_exceptions.rb:63:in `call'
web-console (3.5.1) lib/web_console/middleware.rb:135:in `call_app'
web-console (3.5.1) lib/web_console/middleware.rb:28:in `block in call'
web-console (3.5.1) lib/web_console/middleware.rb:18:in `catch'
web-console (3.5.1) lib/web_console/middleware.rb:18:in `call'
actionpack (5.1.4) lib/action_dispatch/middleware/show_exceptions.rb:31:in `call'
railties (5.1.4) lib/rails/rack/logger.rb:36:in `call_app'
railties (5.1.4) lib/rails/rack/logger.rb:24:in `block in call'
activesupport (5.1.4) lib/active_support/tagged_logging.rb:69:in `block in tagged'
activesupport (5.1.4) lib/active_support/tagged_logging.rb:26:in `tagged'
activesupport (5.1.4) lib/active_support/tagged_logging.rb:69:in `tagged'
railties (5.1.4) lib/rails/rack/logger.rb:24:in `call'
sprockets-rails (3.2.1) lib/sprockets/rails/quiet_assets.rb:13:in `call'
actionpack (5.1.4) lib/action_dispatch/middleware/remote_ip.rb:79:in `call'
actionpack (5.1.4) lib/action_dispatch/middleware/request_id.rb:25:in `call'
rack (2.0.3) lib/rack/method_override.rb:22:in `call'
rack (2.0.3) lib/rack/runtime.rb:22:in `call'
activesupport (5.1.4) lib/active_support/cache/strategy/local_cache_middleware.rb:27:in `call'
actionpack (5.1.4) lib/action_dispatch/middleware/executor.rb:12:in `call'
actionpack (5.1.4) lib/action_dispatch/middleware/static.rb:125:in `call'
rack (2.0.3) lib/rack/sendfile.rb:111:in `call'
railties (5.1.4) lib/rails/engine.rb:522:in `call'
puma (3.11.0) lib/puma/configuration.rb:225:in `call'
puma (3.11.0) lib/puma/server.rb:624:in `handle_request'
puma (3.11.0) lib/puma/server.rb:438:in `process_client'
puma (3.11.0) lib/puma/server.rb:302:in `block in run'
puma (3.11.0) lib/puma/thread_pool.rb:120:in `block in spawn_thread'
Started GET "/users" for 127.0.0.1 at 2017-12-20 21:45:58 -0500
  
ActionController::RoutingError (No route matches [GET] "/users"):
  
actionpack (5.1.4) lib/action_dispatch/middleware/debug_exceptions.rb:63:in `call'
web-console (3.5.1) lib/web_console/middleware.rb:135:in `call_app'
web-console (3.5.1) lib/web_console/middleware.rb:28:in `block in call'
web-console (3.5.1) lib/web_console/middleware.rb:18:in `catch'
web-console (3.5.1) lib/web_console/middleware.rb:18:in `call'
actionpack (5.1.4) lib/action_dispatch/middleware/show_exceptions.rb:31:in `call'
railties (5.1.4) lib/rails/rack/logger.rb:36:in `call_app'
railties (5.1.4) lib/rails/rack/logger.rb:24:in `block in call'
activesupport (5.1.4) lib/active_support/tagged_logging.rb:69:in `block in tagged'
activesupport (5.1.4) lib/active_support/tagged_logging.rb:26:in `tagged'
activesupport (5.1.4) lib/active_support/tagged_logging.rb:69:in `tagged'
railties (5.1.4) lib/rails/rack/logger.rb:24:in `call'
sprockets-rails (3.2.1) lib/sprockets/rails/quiet_assets.rb:13:in `call'
actionpack (5.1.4) lib/action_dispatch/middleware/remote_ip.rb:79:in `call'
actionpack (5.1.4) lib/action_dispatch/middleware/request_id.rb:25:in `call'
rack (2.0.3) lib/rack/method_override.rb:22:in `call'
rack (2.0.3) lib/rack/runtime.rb:22:in `call'
activesupport (5.1.4) lib/active_support/cache/strategy/local_cache_middleware.rb:27:in `call'
actionpack (5.1.4) lib/action_dispatch/middleware/executor.rb:12:in `call'
actionpack (5.1.4) lib/action_dispatch/middleware/static.rb:125:in `call'
rack (2.0.3) lib/rack/sendfile.rb:111:in `call'
railties (5.1.4) lib/rails/engine.rb:522:in `call'
puma (3.11.0) lib/puma/configuration.rb:225:in `call'
puma (3.11.0) lib/puma/server.rb:624:in `handle_request'
puma (3.11.0) lib/puma/server.rb:438:in `process_client'
puma (3.11.0) lib/puma/server.rb:302:in `block in run'
puma (3.11.0) lib/puma/thread_pool.rb:120:in `block in spawn_thread'
Started GET "/users" for 127.0.0.1 at 2017-12-20 21:47:51 -0500
  
AbstractController::ActionNotFound (The action 'index' could not be found for UsersController):
  
actionpack (5.1.4) lib/abstract_controller/base.rb:119:in `process'
actionview (5.1.4) lib/action_view/rendering.rb:30:in `process'
actionpack (5.1.4) lib/action_controller/metal.rb:189:in `dispatch'
actionpack (5.1.4) lib/action_controller/metal.rb:253:in `dispatch'
actionpack (5.1.4) lib/action_dispatch/routing/route_set.rb:49:in `dispatch'
actionpack (5.1.4) lib/action_dispatch/routing/route_set.rb:31:in `serve'
actionpack (5.1.4) lib/action_dispatch/journey/router.rb:50:in `block in serve'
actionpack (5.1.4) lib/action_dispatch/journey/router.rb:33:in `each'
actionpack (5.1.4) lib/action_dispatch/journey/router.rb:33:in `serve'
actionpack (5.1.4) lib/action_dispatch/routing/route_set.rb:834:in `call'
rack (2.0.3) lib/rack/etag.rb:25:in `call'
rack (2.0.3) lib/rack/conditional_get.rb:25:in `call'
rack (2.0.3) lib/rack/head.rb:12:in `call'
rack (2.0.3) lib/rack/session/abstract/id.rb:232:in `context'
rack (2.0.3) lib/rack/session/abstract/id.rb:226:in `call'
actionpack (5.1.4) lib/action_dispatch/middleware/cookies.rb:613:in `call'
activerecord (5.1.4) lib/active_record/migration.rb:556:in `call'
actionpack (5.1.4) lib/action_dispatch/middleware/callbacks.rb:26:in `block in call'
activesupport (5.1.4) lib/active_support/callbacks.rb:97:in `run_callbacks'
actionpack (5.1.4) lib/action_dispatch/middleware/callbacks.rb:24:in `call'
actionpack (5.1.4) lib/action_dispatch/middleware/executor.rb:12:in `call'
actionpack (5.1.4) lib/action_dispatch/middleware/debug_exceptions.rb:59:in `call'
web-console (3.5.1) lib/web_console/middleware.rb:135:in `call_app'
web-console (3.5.1) lib/web_console/middleware.rb:28:in `block in call'
web-console (3.5.1) lib/web_console/middleware.rb:18:in `catch'
web-console (3.5.1) lib/web_console/middleware.rb:18:in `call'
actionpack (5.1.4) lib/action_dispatch/middleware/show_exceptions.rb:31:in `call'
railties (5.1.4) lib/rails/rack/logger.rb:36:in `call_app'
railties (5.1.4) lib/rails/rack/logger.rb:24:in `block in call'
activesupport (5.1.4) lib/active_support/tagged_logging.rb:69:in `block in tagged'
activesupport (5.1.4) lib/active_support/tagged_logging.rb:26:in `tagged'
activesupport (5.1.4) lib/active_support/tagged_logging.rb:69:in `tagged'
railties (5.1.4) lib/rails/rack/logger.rb:24:in `call'
sprockets-rails (3.2.1) lib/sprockets/rails/quiet_assets.rb:13:in `call'
actionpack (5.1.4) lib/action_dispatch/middleware/remote_ip.rb:79:in `call'
actionpack (5.1.4) lib/action_dispatch/middleware/request_id.rb:25:in `call'
rack (2.0.3) lib/rack/method_override.rb:22:in `call'
rack (2.0.3) lib/rack/runtime.rb:22:in `call'
activesupport (5.1.4) lib/active_support/cache/strategy/local_cache_middleware.rb:27:in `call'
actionpack (5.1.4) lib/action_dispatch/middleware/executor.rb:12:in `call'
actionpack (5.1.4) lib/action_dispatch/middleware/static.rb:125:in `call'
rack (2.0.3) lib/rack/sendfile.rb:111:in `call'
railties (5.1.4) lib/rails/engine.rb:522:in `call'
puma (3.11.0) lib/puma/configuration.rb:225:in `call'
puma (3.11.0) lib/puma/server.rb:624:in `handle_request'
puma (3.11.0) lib/puma/server.rb:438:in `process_client'
puma (3.11.0) lib/puma/server.rb:302:in `block in run'
puma (3.11.0) lib/puma/thread_pool.rb:120:in `block in spawn_thread'
Started GET "/users" for 127.0.0.1 at 2017-12-20 21:48:07 -0500
  
ActionController::RoutingError (No route matches [GET] "/users"):
  
actionpack (5.1.4) lib/action_dispatch/middleware/debug_exceptions.rb:63:in `call'
web-console (3.5.1) lib/web_console/middleware.rb:135:in `call_app'
web-console (3.5.1) lib/web_console/middleware.rb:28:in `block in call'
web-console (3.5.1) lib/web_console/middleware.rb:18:in `catch'
web-console (3.5.1) lib/web_console/middleware.rb:18:in `call'
actionpack (5.1.4) lib/action_dispatch/middleware/show_exceptions.rb:31:in `call'
railties (5.1.4) lib/rails/rack/logger.rb:36:in `call_app'
railties (5.1.4) lib/rails/rack/logger.rb:24:in `block in call'
activesupport (5.1.4) lib/active_support/tagged_logging.rb:69:in `block in tagged'
activesupport (5.1.4) lib/active_support/tagged_logging.rb:26:in `tagged'
activesupport (5.1.4) lib/active_support/tagged_logging.rb:69:in `tagged'
railties (5.1.4) lib/rails/rack/logger.rb:24:in `call'
sprockets-rails (3.2.1) lib/sprockets/rails/quiet_assets.rb:13:in `call'
actionpack (5.1.4) lib/action_dispatch/middleware/remote_ip.rb:79:in `call'
actionpack (5.1.4) lib/action_dispatch/middleware/request_id.rb:25:in `call'
rack (2.0.3) lib/rack/method_override.rb:22:in `call'
rack (2.0.3) lib/rack/runtime.rb:22:in `call'
activesupport (5.1.4) lib/active_support/cache/strategy/local_cache_middleware.rb:27:in `call'
actionpack (5.1.4) lib/action_dispatch/middleware/executor.rb:12:in `call'
actionpack (5.1.4) lib/action_dispatch/middleware/static.rb:125:in `call'
rack (2.0.3) lib/rack/sendfile.rb:111:in `call'
railties (5.1.4) lib/rails/engine.rb:522:in `call'
puma (3.11.0) lib/puma/configuration.rb:225:in `call'
puma (3.11.0) lib/puma/server.rb:624:in `handle_request'
puma (3.11.0) lib/puma/server.rb:438:in `process_client'
puma (3.11.0) lib/puma/server.rb:302:in `block in run'
puma (3.11.0) lib/puma/thread_pool.rb:120:in `block in spawn_thread'
Started GET "/users" for 127.0.0.1 at 2017-12-20 21:48:29 -0500
  
ActionController::RoutingError (No route matches [GET] "/users"):
  
actionpack (5.1.4) lib/action_dispatch/middleware/debug_exceptions.rb:63:in `call'
web-console (3.5.1) lib/web_console/middleware.rb:135:in `call_app'
web-console (3.5.1) lib/web_console/middleware.rb:28:in `block in call'
web-console (3.5.1) lib/web_console/middleware.rb:18:in `catch'
web-console (3.5.1) lib/web_console/middleware.rb:18:in `call'
actionpack (5.1.4) lib/action_dispatch/middleware/show_exceptions.rb:31:in `call'
railties (5.1.4) lib/rails/rack/logger.rb:36:in `call_app'
railties (5.1.4) lib/rails/rack/logger.rb:24:in `block in call'
activesupport (5.1.4) lib/active_support/tagged_logging.rb:69:in `block in tagged'
activesupport (5.1.4) lib/active_support/tagged_logging.rb:26:in `tagged'
activesupport (5.1.4) lib/active_support/tagged_logging.rb:69:in `tagged'
railties (5.1.4) lib/rails/rack/logger.rb:24:in `call'
sprockets-rails (3.2.1) lib/sprockets/rails/quiet_assets.rb:13:in `call'
actionpack (5.1.4) lib/action_dispatch/middleware/remote_ip.rb:79:in `call'
actionpack (5.1.4) lib/action_dispatch/middleware/request_id.rb:25:in `call'
rack (2.0.3) lib/rack/method_override.rb:22:in `call'
rack (2.0.3) lib/rack/runtime.rb:22:in `call'
activesupport (5.1.4) lib/active_support/cache/strategy/local_cache_middleware.rb:27:in `call'
actionpack (5.1.4) lib/action_dispatch/middleware/executor.rb:12:in `call'
actionpack (5.1.4) lib/action_dispatch/middleware/static.rb:125:in `call'
rack (2.0.3) lib/rack/sendfile.rb:111:in `call'
railties (5.1.4) lib/rails/engine.rb:522:in `call'
puma (3.11.0) lib/puma/configuration.rb:225:in `call'
puma (3.11.0) lib/puma/server.rb:624:in `handle_request'
puma (3.11.0) lib/puma/server.rb:438:in `process_client'
puma (3.11.0) lib/puma/server.rb:302:in `block in run'
puma (3.11.0) lib/puma/thread_pool.rb:120:in `block in spawn_thread'
Started GET "/users" for 127.0.0.1 at 2017-12-20 21:49:38 -0500
  
ActionController::RoutingError (No route matches [GET] "/users"):
  
actionpack (5.1.4) lib/action_dispatch/middleware/debug_exceptions.rb:63:in `call'
web-console (3.5.1) lib/web_console/middleware.rb:135:in `call_app'
web-console (3.5.1) lib/web_console/middleware.rb:28:in `block in call'
web-console (3.5.1) lib/web_console/middleware.rb:18:in `catch'
web-console (3.5.1) lib/web_console/middleware.rb:18:in `call'
actionpack (5.1.4) lib/action_dispatch/middleware/show_exceptions.rb:31:in `call'
railties (5.1.4) lib/rails/rack/logger.rb:36:in `call_app'
railties (5.1.4) lib/rails/rack/logger.rb:24:in `block in call'
activesupport (5.1.4) lib/active_support/tagged_logging.rb:69:in `block in tagged'
activesupport (5.1.4) lib/active_support/tagged_logging.rb:26:in `tagged'
activesupport (5.1.4) lib/active_support/tagged_logging.rb:69:in `tagged'
railties (5.1.4) lib/rails/rack/logger.rb:24:in `call'
sprockets-rails (3.2.1) lib/sprockets/rails/quiet_assets.rb:13:in `call'
actionpack (5.1.4) lib/action_dispatch/middleware/remote_ip.rb:79:in `call'
actionpack (5.1.4) lib/action_dispatch/middleware/request_id.rb:25:in `call'
rack (2.0.3) lib/rack/method_override.rb:22:in `call'
rack (2.0.3) lib/rack/runtime.rb:22:in `call'
activesupport (5.1.4) lib/active_support/cache/strategy/local_cache_middleware.rb:27:in `call'
actionpack (5.1.4) lib/action_dispatch/middleware/executor.rb:12:in `call'
actionpack (5.1.4) lib/action_dispatch/middleware/static.rb:125:in `call'
rack (2.0.3) lib/rack/sendfile.rb:111:in `call'
railties (5.1.4) lib/rails/engine.rb:522:in `call'
puma (3.11.0) lib/puma/configuration.rb:225:in `call'
puma (3.11.0) lib/puma/server.rb:624:in `handle_request'
puma (3.11.0) lib/puma/server.rb:438:in `process_client'
puma (3.11.0) lib/puma/server.rb:302:in `block in run'
puma (3.11.0) lib/puma/thread_pool.rb:120:in `block in spawn_thread'
Started GET "/users" for 127.0.0.1 at 2017-12-20 21:50:12 -0500
  [1m[35m (1.5ms)[0m  [1m[34mSELECT "schema_migrations"."version" FROM "schema_migrations" ORDER BY "schema_migrations"."version" ASC[0m
  
ActionController::RoutingError (No route matches [GET] "/users"):
  
actionpack (5.1.4) lib/action_dispatch/middleware/debug_exceptions.rb:63:in `call'
web-console (3.5.1) lib/web_console/middleware.rb:135:in `call_app'
web-console (3.5.1) lib/web_console/middleware.rb:28:in `block in call'
web-console (3.5.1) lib/web_console/middleware.rb:18:in `catch'
web-console (3.5.1) lib/web_console/middleware.rb:18:in `call'
actionpack (5.1.4) lib/action_dispatch/middleware/show_exceptions.rb:31:in `call'
railties (5.1.4) lib/rails/rack/logger.rb:36:in `call_app'
railties (5.1.4) lib/rails/rack/logger.rb:24:in `block in call'
activesupport (5.1.4) lib/active_support/tagged_logging.rb:69:in `block in tagged'
activesupport (5.1.4) lib/active_support/tagged_logging.rb:26:in `tagged'
activesupport (5.1.4) lib/active_support/tagged_logging.rb:69:in `tagged'
railties (5.1.4) lib/rails/rack/logger.rb:24:in `call'
sprockets-rails (3.2.1) lib/sprockets/rails/quiet_assets.rb:13:in `call'
actionpack (5.1.4) lib/action_dispatch/middleware/remote_ip.rb:79:in `call'
actionpack (5.1.4) lib/action_dispatch/middleware/request_id.rb:25:in `call'
rack (2.0.3) lib/rack/method_override.rb:22:in `call'
rack (2.0.3) lib/rack/runtime.rb:22:in `call'
activesupport (5.1.4) lib/active_support/cache/strategy/local_cache_middleware.rb:27:in `call'
actionpack (5.1.4) lib/action_dispatch/middleware/executor.rb:12:in `call'
actionpack (5.1.4) lib/action_dispatch/middleware/static.rb:125:in `call'
rack (2.0.3) lib/rack/sendfile.rb:111:in `call'
railties (5.1.4) lib/rails/engine.rb:522:in `call'
puma (3.11.0) lib/puma/configuration.rb:225:in `call'
puma (3.11.0) lib/puma/server.rb:624:in `handle_request'
puma (3.11.0) lib/puma/server.rb:438:in `process_client'
puma (3.11.0) lib/puma/server.rb:302:in `block in run'
puma (3.11.0) lib/puma/thread_pool.rb:120:in `block in spawn_thread'
Started GET "/users" for 127.0.0.1 at 2017-12-20 21:50:51 -0500
  
ActionController::RoutingError (No route matches [GET] "/users"):
  
actionpack (5.1.4) lib/action_dispatch/middleware/debug_exceptions.rb:63:in `call'
web-console (3.5.1) lib/web_console/middleware.rb:135:in `call_app'
web-console (3.5.1) lib/web_console/middleware.rb:28:in `block in call'
web-console (3.5.1) lib/web_console/middleware.rb:18:in `catch'
web-console (3.5.1) lib/web_console/middleware.rb:18:in `call'
actionpack (5.1.4) lib/action_dispatch/middleware/show_exceptions.rb:31:in `call'
railties (5.1.4) lib/rails/rack/logger.rb:36:in `call_app'
railties (5.1.4) lib/rails/rack/logger.rb:24:in `block in call'
activesupport (5.1.4) lib/active_support/tagged_logging.rb:69:in `block in tagged'
activesupport (5.1.4) lib/active_support/tagged_logging.rb:26:in `tagged'
activesupport (5.1.4) lib/active_support/tagged_logging.rb:69:in `tagged'
railties (5.1.4) lib/rails/rack/logger.rb:24:in `call'
sprockets-rails (3.2.1) lib/sprockets/rails/quiet_assets.rb:13:in `call'
actionpack (5.1.4) lib/action_dispatch/middleware/remote_ip.rb:79:in `call'
actionpack (5.1.4) lib/action_dispatch/middleware/request_id.rb:25:in `call'
rack (2.0.3) lib/rack/method_override.rb:22:in `call'
rack (2.0.3) lib/rack/runtime.rb:22:in `call'
activesupport (5.1.4) lib/active_support/cache/strategy/local_cache_middleware.rb:27:in `call'
actionpack (5.1.4) lib/action_dispatch/middleware/executor.rb:12:in `call'
actionpack (5.1.4) lib/action_dispatch/middleware/static.rb:125:in `call'
rack (2.0.3) lib/rack/sendfile.rb:111:in `call'
railties (5.1.4) lib/rails/engine.rb:522:in `call'
puma (3.11.0) lib/puma/configuration.rb:225:in `call'
puma (3.11.0) lib/puma/server.rb:624:in `handle_request'
puma (3.11.0) lib/puma/server.rb:438:in `process_client'
puma (3.11.0) lib/puma/server.rb:302:in `block in run'
puma (3.11.0) lib/puma/thread_pool.rb:120:in `block in spawn_thread'
Started GET "/users" for 127.0.0.1 at 2017-12-20 21:51:38 -0500
  
ActionController::RoutingError (No route matches [GET] "/users"):
  
actionpack (5.1.4) lib/action_dispatch/middleware/debug_exceptions.rb:63:in `call'
web-console (3.5.1) lib/web_console/middleware.rb:135:in `call_app'
web-console (3.5.1) lib/web_console/middleware.rb:28:in `block in call'
web-console (3.5.1) lib/web_console/middleware.rb:18:in `catch'
web-console (3.5.1) lib/web_console/middleware.rb:18:in `call'
actionpack (5.1.4) lib/action_dispatch/middleware/show_exceptions.rb:31:in `call'
railties (5.1.4) lib/rails/rack/logger.rb:36:in `call_app'
railties (5.1.4) lib/rails/rack/logger.rb:24:in `block in call'
activesupport (5.1.4) lib/active_support/tagged_logging.rb:69:in `block in tagged'
activesupport (5.1.4) lib/active_support/tagged_logging.rb:26:in `tagged'
activesupport (5.1.4) lib/active_support/tagged_logging.rb:69:in `tagged'
railties (5.1.4) lib/rails/rack/logger.rb:24:in `call'
sprockets-rails (3.2.1) lib/sprockets/rails/quiet_assets.rb:13:in `call'
actionpack (5.1.4) lib/action_dispatch/middleware/remote_ip.rb:79:in `call'
actionpack (5.1.4) lib/action_dispatch/middleware/request_id.rb:25:in `call'
rack (2.0.3) lib/rack/method_override.rb:22:in `call'
rack (2.0.3) lib/rack/runtime.rb:22:in `call'
activesupport (5.1.4) lib/active_support/cache/strategy/local_cache_middleware.rb:27:in `call'
actionpack (5.1.4) lib/action_dispatch/middleware/executor.rb:12:in `call'
actionpack (5.1.4) lib/action_dispatch/middleware/static.rb:125:in `call'
rack (2.0.3) lib/rack/sendfile.rb:111:in `call'
railties (5.1.4) lib/rails/engine.rb:522:in `call'
puma (3.11.0) lib/puma/configuration.rb:225:in `call'
puma (3.11.0) lib/puma/server.rb:624:in `handle_request'
puma (3.11.0) lib/puma/server.rb:438:in `process_client'
puma (3.11.0) lib/puma/server.rb:302:in `block in run'
puma (3.11.0) lib/puma/thread_pool.rb:120:in `block in spawn_thread'
Started GET "/users" for 127.0.0.1 at 2017-12-20 21:53:21 -0500
  
ActionController::RoutingError (No route matches [GET] "/users"):
  
actionpack (5.1.4) lib/action_dispatch/middleware/debug_exceptions.rb:63:in `call'
web-console (3.5.1) lib/web_console/middleware.rb:135:in `call_app'
web-console (3.5.1) lib/web_console/middleware.rb:28:in `block in call'
web-console (3.5.1) lib/web_console/middleware.rb:18:in `catch'
web-console (3.5.1) lib/web_console/middleware.rb:18:in `call'
actionpack (5.1.4) lib/action_dispatch/middleware/show_exceptions.rb:31:in `call'
railties (5.1.4) lib/rails/rack/logger.rb:36:in `call_app'
railties (5.1.4) lib/rails/rack/logger.rb:24:in `block in call'
activesupport (5.1.4) lib/active_support/tagged_logging.rb:69:in `block in tagged'
activesupport (5.1.4) lib/active_support/tagged_logging.rb:26:in `tagged'
activesupport (5.1.4) lib/active_support/tagged_logging.rb:69:in `tagged'
railties (5.1.4) lib/rails/rack/logger.rb:24:in `call'
sprockets-rails (3.2.1) lib/sprockets/rails/quiet_assets.rb:13:in `call'
actionpack (5.1.4) lib/action_dispatch/middleware/remote_ip.rb:79:in `call'
actionpack (5.1.4) lib/action_dispatch/middleware/request_id.rb:25:in `call'
rack (2.0.3) lib/rack/method_override.rb:22:in `call'
rack (2.0.3) lib/rack/runtime.rb:22:in `call'
activesupport (5.1.4) lib/active_support/cache/strategy/local_cache_middleware.rb:27:in `call'
actionpack (5.1.4) lib/action_dispatch/middleware/executor.rb:12:in `call'
actionpack (5.1.4) lib/action_dispatch/middleware/static.rb:125:in `call'
rack (2.0.3) lib/rack/sendfile.rb:111:in `call'
railties (5.1.4) lib/rails/engine.rb:522:in `call'
puma (3.11.0) lib/puma/configuration.rb:225:in `call'
puma (3.11.0) lib/puma/server.rb:624:in `handle_request'
puma (3.11.0) lib/puma/server.rb:438:in `process_client'
puma (3.11.0) lib/puma/server.rb:302:in `block in run'
puma (3.11.0) lib/puma/thread_pool.rb:120:in `block in spawn_thread'
Started GET "/users" for 127.0.0.1 at 2017-12-20 21:55:51 -0500
  
ActionController::RoutingError (No route matches [GET] "/users"):
  
actionpack (5.1.4) lib/action_dispatch/middleware/debug_exceptions.rb:63:in `call'
web-console (3.5.1) lib/web_console/middleware.rb:135:in `call_app'
web-console (3.5.1) lib/web_console/middleware.rb:28:in `block in call'
web-console (3.5.1) lib/web_console/middleware.rb:18:in `catch'
web-console (3.5.1) lib/web_console/middleware.rb:18:in `call'
actionpack (5.1.4) lib/action_dispatch/middleware/show_exceptions.rb:31:in `call'
railties (5.1.4) lib/rails/rack/logger.rb:36:in `call_app'
railties (5.1.4) lib/rails/rack/logger.rb:24:in `block in call'
activesupport (5.1.4) lib/active_support/tagged_logging.rb:69:in `block in tagged'
activesupport (5.1.4) lib/active_support/tagged_logging.rb:26:in `tagged'
activesupport (5.1.4) lib/active_support/tagged_logging.rb:69:in `tagged'
railties (5.1.4) lib/rails/rack/logger.rb:24:in `call'
sprockets-rails (3.2.1) lib/sprockets/rails/quiet_assets.rb:13:in `call'
actionpack (5.1.4) lib/action_dispatch/middleware/remote_ip.rb:79:in `call'
actionpack (5.1.4) lib/action_dispatch/middleware/request_id.rb:25:in `call'
rack (2.0.3) lib/rack/method_override.rb:22:in `call'
rack (2.0.3) lib/rack/runtime.rb:22:in `call'
activesupport (5.1.4) lib/active_support/cache/strategy/local_cache_middleware.rb:27:in `call'
actionpack (5.1.4) lib/action_dispatch/middleware/executor.rb:12:in `call'
actionpack (5.1.4) lib/action_dispatch/middleware/static.rb:125:in `call'
rack (2.0.3) lib/rack/sendfile.rb:111:in `call'
railties (5.1.4) lib/rails/engine.rb:522:in `call'
puma (3.11.0) lib/puma/configuration.rb:225:in `call'
puma (3.11.0) lib/puma/server.rb:624:in `handle_request'
puma (3.11.0) lib/puma/server.rb:438:in `process_client'
puma (3.11.0) lib/puma/server.rb:302:in `block in run'
puma (3.11.0) lib/puma/thread_pool.rb:120:in `block in spawn_thread'
Started GET "/users" for 127.0.0.1 at 2017-12-20 21:57:58 -0500
  
ActionController::RoutingError (No route matches [GET] "/users"):
  
actionpack (5.1.4) lib/action_dispatch/middleware/debug_exceptions.rb:63:in `call'
web-console (3.5.1) lib/web_console/middleware.rb:135:in `call_app'
web-console (3.5.1) lib/web_console/middleware.rb:28:in `block in call'
web-console (3.5.1) lib/web_console/middleware.rb:18:in `catch'
web-console (3.5.1) lib/web_console/middleware.rb:18:in `call'
actionpack (5.1.4) lib/action_dispatch/middleware/show_exceptions.rb:31:in `call'
railties (5.1.4) lib/rails/rack/logger.rb:36:in `call_app'
railties (5.1.4) lib/rails/rack/logger.rb:24:in `block in call'
activesupport (5.1.4) lib/active_support/tagged_logging.rb:69:in `block in tagged'
activesupport (5.1.4) lib/active_support/tagged_logging.rb:26:in `tagged'
activesupport (5.1.4) lib/active_support/tagged_logging.rb:69:in `tagged'
railties (5.1.4) lib/rails/rack/logger.rb:24:in `call'
sprockets-rails (3.2.1) lib/sprockets/rails/quiet_assets.rb:13:in `call'
actionpack (5.1.4) lib/action_dispatch/middleware/remote_ip.rb:79:in `call'
actionpack (5.1.4) lib/action_dispatch/middleware/request_id.rb:25:in `call'
rack (2.0.3) lib/rack/method_override.rb:22:in `call'
rack (2.0.3) lib/rack/runtime.rb:22:in `call'
activesupport (5.1.4) lib/active_support/cache/strategy/local_cache_middleware.rb:27:in `call'
actionpack (5.1.4) lib/action_dispatch/middleware/executor.rb:12:in `call'
actionpack (5.1.4) lib/action_dispatch/middleware/static.rb:125:in `call'
rack (2.0.3) lib/rack/sendfile.rb:111:in `call'
railties (5.1.4) lib/rails/engine.rb:522:in `call'
puma (3.11.0) lib/puma/configuration.rb:225:in `call'
puma (3.11.0) lib/puma/server.rb:624:in `handle_request'
puma (3.11.0) lib/puma/server.rb:438:in `process_client'
puma (3.11.0) lib/puma/server.rb:302:in `block in run'
puma (3.11.0) lib/puma/thread_pool.rb:120:in `block in spawn_thread'
Started GET "/users/new" for 127.0.0.1 at 2017-12-20 21:58:41 -0500
Processing by UsersController#new as HTML
  Rendering users/new.html.erb within layouts/application
  Rendered users/new.html.erb within layouts/application (18.0ms)
Completed 500 Internal Server Error in 64ms


  
SyntaxError (/home/user/re-former/app/views/users/new.html.erb:10: syntax error, unexpected keyword_end
 '.freeze;@output_buffer.append=( end );@output_buffer.safe_append='
                                     ^
/home/user/re-former/app/views/users/new.html.erb:25: syntax error, unexpected keyword_ensure, expecting ')'
/home/user/re-former/app/views/users/new.html.erb:27: syntax error, unexpected keyword_end, expecting ')'):
  
app/views/users/new.html.erb:10: syntax error, unexpected keyword_end
app/views/users/new.html.erb:25: syntax error, unexpected keyword_ensure, expecting ')'
app/views/users/new.html.erb:27: syntax error, unexpected keyword_end, expecting ')'
Started GET "/users/new" for 127.0.0.1 at 2017-12-20 21:59:48 -0500
Processing by UsersController#new as HTML
  Rendering users/new.html.erb within layouts/application
  Rendered users/new.html.erb within layouts/application (6.1ms)
Completed 500 Internal Server Error in 37ms


  
SyntaxError (/home/user/re-former/app/views/users/new.html.erb:10: syntax error, unexpected keyword_end, expecting ')'
'.freeze;  end 
              ^
/home/user/re-former/app/views/users/new.html.erb:25: syntax error, unexpected keyword_ensure, expecting ')'
/home/user/re-former/app/views/users/new.html.erb:27: syntax error, unexpected keyword_end, expecting ')'):
  
app/views/users/new.html.erb:10: syntax error, unexpected keyword_end, expecting ')'
app/views/users/new.html.erb:25: syntax error, unexpected keyword_ensure, expecting ')'
app/views/users/new.html.erb:27: syntax error, unexpected keyword_end, expecting ')'
Started GET "/users/new" for 127.0.0.1 at 2017-12-20 22:01:32 -0500
Processing by UsersController#new as HTML
  Rendering users/new.html.erb within layouts/application
  Rendered users/new.html.erb within layouts/application (5.6ms)
Completed 500 Internal Server Error in 36ms


  
SyntaxError (/home/user/re-former/app/views/users/new.html.erb:10: syntax error, unexpected keyword_end, expecting ')'
'.freeze;  end 
              ^
/home/user/re-former/app/views/users/new.html.erb:25: syntax error, unexpected keyword_ensure, expecting ')'
/home/user/re-former/app/views/users/new.html.erb:27: syntax error, unexpected keyword_end, expecting ')'):
  
app/views/users/new.html.erb:10: syntax error, unexpected keyword_end, expecting ')'
app/views/users/new.html.erb:25: syntax error, unexpected keyword_ensure, expecting ')'
app/views/users/new.html.erb:27: syntax error, unexpected keyword_end, expecting ')'
Started GET "/users/new" for 127.0.0.1 at 2017-12-20 22:02:29 -0500
Processing by UsersController#new as HTML
  Rendering users/new.html.erb within layouts/application
  Rendered users/new.html.erb within layouts/application (2.7ms)
Completed 200 OK in 466ms (Views: 463.9ms)


Started GET "/users/new" for 127.0.0.1 at 2017-12-20 22:03:35 -0500
Processing by UsersController#new as HTML
  Rendering users/new.html.erb within layouts/application
  Rendered users/new.html.erb within layouts/application (2.2ms)
Completed 200 OK in 47ms (Views: 44.9ms)


Started GET "/users/new" for 127.0.0.1 at 2017-12-20 22:04:20 -0500
Processing by UsersController#new as HTML
  Rendering users/new.html.erb within layouts/application
  Rendered users/new.html.erb within layouts/application (2.1ms)
Completed 200 OK in 98ms (Views: 96.0ms)


Started GET "/users/new" for 127.0.0.1 at 2017-12-20 22:04:45 -0500
Processing by UsersController#new as HTML
  Rendering users/new.html.erb within layouts/application
  Rendered users/new.html.erb within layouts/application (2.3ms)
Completed 500 Internal Server Error in 7ms


  
SyntaxError (/home/user/re-former/app/views/users/new.html.erb:3: syntax error, unexpected '<', expecting ')'
....append=( label_tag(:username,<br> 'Username') );@output_buf...
...                               ^
/home/user/re-former/app/views/users/new.html.erb:3: syntax error, unexpected ')', expecting keyword_end
...ag(:username,<br> 'Username') );@output_buffer.safe_append='
...                               ^):
  
app/views/users/new.html.erb:3: syntax error, unexpected '<', expecting ')'
app/views/users/new.html.erb:3: syntax error, unexpected ')', expecting keyword_end
Started GET "/users/new" for 127.0.0.1 at 2017-12-20 22:04:57 -0500
Processing by UsersController#new as HTML
  Rendering users/new.html.erb within layouts/application
  Rendered users/new.html.erb within layouts/application (3.2ms)
Completed 200 OK in 44ms (Views: 42.7ms)


Started GET "/users/new" for 127.0.0.1 at 2017-12-20 22:05:22 -0500
Processing by UsersController#new as HTML
  Rendering users/new.html.erb within layouts/application
  Rendered users/new.html.erb within layouts/application (2.2ms)
Completed 200 OK in 70ms (Views: 68.3ms)


Started GET "/users/new" for 127.0.0.1 at 2017-12-20 22:05:47 -0500
Processing by UsersController#new as HTML
  Rendering users/new.html.erb within layouts/application
  Rendered users/new.html.erb within layouts/application (6.6ms)
Completed 200 OK in 52ms (Views: 50.8ms)


Started GET "/users/new" for 127.0.0.1 at 2017-12-20 22:06:04 -0500
Processing by UsersController#new as HTML
  Rendering users/new.html.erb within layouts/application
  Rendered users/new.html.erb within layouts/application (2.5ms)
Completed 200 OK in 54ms (Views: 52.1ms)


Started GET "/users/new" for 127.0.0.1 at 2017-12-21 00:00:06 -0500
Processing by UsersController#new as HTML
  Rendering users/new.html.erb within layouts/application
  Rendered users/new.html.erb within layouts/application (2.7ms)
Completed 500 Internal Server Error in 30ms (ActiveRecord: 2.5ms)


  
SyntaxError (/home/user/re-former/app/views/users/new.html.erb:13: syntax error, unexpected tCONSTANT, expecting keyword_end
... label_tag(:username, 'Username') );@output_buffer.safe_appe...
...                               ^
/home/user/re-former/app/views/users/new.html.erb:14: syntax error, unexpected tIDENTIFIER, expecting keyword_end
....append=(# text_field_tag('user[username]') );@output_buffer...
...                               ^
/home/user/re-former/app/views/users/new.html.erb:14: syntax error, unexpected tSTRING_BEG, expecting keyword_end
...text_field_tag('user[username]') );@output_buffer.safe_appen...
...                               ^
/home/user/re-former/app/views/users/new.html.erb:15: syntax error, unexpected tCONSTANT, expecting keyword_end
...end=(# label_tag(:email, 'Email') );@output_buffer.safe_appe...
...                               ^
/home/user/re-former/app/views/users/new.html.erb:16: syntax error, unexpected tIDENTIFIER, expecting keyword_end
....append=(# text_field_tag('user[email]') );@output_buffer.sa...
...                               ^
/home/user/re-former/app/views/users/new.html.erb:16: syntax error, unexpected tSTRING_BEG, expecting keyword_end
...(# text_field_tag('user[email]') );@output_buffer.safe_appen...
...                               ^
/home/user/re-former/app/views/users/new.html.erb:17: syntax error, unexpected tCONSTANT, expecting keyword_end
... label_tag(:password, 'Password') );@output_buffer.safe_appe...
...                               ^
/home/user/re-former/app/views/users/new.html.erb:18: syntax error, unexpected tIDENTIFIER, expecting keyword_end
...end=(# password_field_tag('user[password]') );@output_buffer...
...                               ^
/home/user/re-former/app/views/users/new.html.erb:18: syntax error, unexpected tSTRING_BEG, expecting keyword_end
...word_field_tag('user[password]') );@output_buffer.safe_appen...
...                               ^
/home/user/re-former/app/views/users/new.html.erb:18: syntax error, unexpected '<'
...utput_buffer.safe_append='<br><br>
...                               ^
/home/user/re-former/app/views/users/new.html.erb:19: syntax error, unexpected tCONSTANT, expecting keyword_end
...er.append=(# submit_tag('Submit') );@output_buffer.safe_appe...
...                               ^
/home/user/re-former/app/views/users/new.html.erb:21: syntax error, unexpected '\n', expecting keyword_do_LAMBDA or tLAMBEG
/home/user/re-former/app/views/users/new.html.erb:24: syntax error, unexpected '<'
<form accept-charset = "UTF-8" action = "/users" method = "post">
 ^
/home/user/re-former/app/views/users/new.html.erb:24: syntax error, unexpected tIDENTIFIER, expecting keyword_end
<form accept-charset = "UTF-8" action = "/users" method = "post">
                                     ^
/home/user/re-former/app/views/users/new.html.erb:24: syntax error, unexpected tIDENTIFIER, expecting keyword_end
<form accept-charset = "UTF-8" action = "/users" method = "post">
                                                       ^
/home/user/re-former/app/views/users/new.html.erb:25: syntax error, unexpected '<'
  <input type = "hidden" name = ...
   ^
/home/user/re-former/app/views/users/new.html.erb:25: syntax error, unexpected tIDENTIFIER, expecting keyword_end
  <input type = "hidden" name = "authenticity_token" value...
                             ^
/home/user/re-former/app/views/users/new.html.erb:25: syntax error, unexpected tIDENTIFIER, expecting keyword_end
...me = "authenticity_token" value = "'.freeze;@output_buffer.a...
...                               ^
/home/user/re-former/app/views/users/new.html.erb:26: syntax error, unexpected tSYMBEG, expecting keyword_do or '{' or '('
  Username:<br>
           ^
/home/user/re-former/app/views/users/new.html.erb:27: syntax error, unexpected tIDENTIFIER, expecting keyword_end
  <input type = "text" name = "user[username]"><br>
                           ^
/home/user/re-former/app/views/users/new.html.erb:27: syntax error, unexpected '<'
  <input type = "text" name = "user[username]"><br>
                                                ^
/home/user/re-former/app/views/users/new.html.erb:28: syntax error, unexpected tSYMBEG, expecting keyword_do or '{' or '('
  Email:<br>
        ^
/home/user/re-former/app/views/users/new.html.erb:29: syntax error, unexpected tIDENTIFIER, expecting keyword_end
  <input type = "email" name = "user[email]"><br>
                            ^
/home/user/re-former/app/views/users/new.html.erb:29: syntax error, unexpected '<'
  <input type = "email" name = "user[email]"><br>
                                              ^
/home/user/re-former/app/views/users/new.html.erb:30: syntax error, unexpected tSYMBEG, expecting keyword_do or '{' or '('
  Password:<br>
           ^
/home/user/re-former/app/views/users/new.html.erb:31: syntax error, unexpected tIDENTIFIER, expecting keyword_end
  <input type = "password" name = "user[password]"><br><br>
                               ^
/home/user/re-former/app/views/users/new.html.erb:31: syntax error, unexpected '<'
  <input type = "password" name = "user[password]"><br><br>
                                                    ^
/home/user/re-former/app/views/users/new.html.erb:32: syntax error, unexpected tIDENTIFIER, expecting keyword_end
  <input type = "submit" name = "Submit">
                             ^
/home/user/re-former/app/views/users/new.html.erb:33: syntax error, unexpected '<'
</form>
 ^
/home/user/re-former/app/views/users/new.html.erb:33: unterminated regexp meets end of file):
  
app/views/users/new.html.erb:13: syntax error, unexpected tCONSTANT, expecting keyword_end
app/views/users/new.html.erb:14: syntax error, unexpected tIDENTIFIER, expecting keyword_end
app/views/users/new.html.erb:14: syntax error, unexpected tSTRING_BEG, expecting keyword_end
app/views/users/new.html.erb:15: syntax error, unexpected tCONSTANT, expecting keyword_end
app/views/users/new.html.erb:16: syntax error, unexpected tIDENTIFIER, expecting keyword_end
app/views/users/new.html.erb:16: syntax error, unexpected tSTRING_BEG, expecting keyword_end
app/views/users/new.html.erb:17: syntax error, unexpected tCONSTANT, expecting keyword_end
app/views/users/new.html.erb:18: syntax error, unexpected tIDENTIFIER, expecting keyword_end
app/views/users/new.html.erb:18: syntax error, unexpected tSTRING_BEG, expecting keyword_end
app/views/users/new.html.erb:18: syntax error, unexpected '<'
app/views/users/new.html.erb:19: syntax error, unexpected tCONSTANT, expecting keyword_end
app/views/users/new.html.erb:21: syntax error, unexpected '\n', expecting keyword_do_LAMBDA or tLAMBEG
app/views/users/new.html.erb:24: syntax error, unexpected '<'
app/views/users/new.html.erb:24: syntax error, unexpected tIDENTIFIER, expecting keyword_end
app/views/users/new.html.erb:24: syntax error, unexpected tIDENTIFIER, expecting keyword_end
app/views/users/new.html.erb:25: syntax error, unexpected '<'
app/views/users/new.html.erb:25: syntax error, unexpected tIDENTIFIER, expecting keyword_end
app/views/users/new.html.erb:25: syntax error, unexpected tIDENTIFIER, expecting keyword_end
app/views/users/new.html.erb:26: syntax error, unexpected tSYMBEG, expecting keyword_do or '{' or '('
app/views/users/new.html.erb:27: syntax error, unexpected tIDENTIFIER, expecting keyword_end
app/views/users/new.html.erb:27: syntax error, unexpected '<'
app/views/users/new.html.erb:28: syntax error, unexpected tSYMBEG, expecting keyword_do or '{' or '('
app/views/users/new.html.erb:29: syntax error, unexpected tIDENTIFIER, expecting keyword_end
app/views/users/new.html.erb:29: syntax error, unexpected '<'
app/views/users/new.html.erb:30: syntax error, unexpected tSYMBEG, expecting keyword_do or '{' or '('
app/views/users/new.html.erb:31: syntax error, unexpected tIDENTIFIER, expecting keyword_end
app/views/users/new.html.erb:31: syntax error, unexpected '<'
app/views/users/new.html.erb:32: syntax error, unexpected tIDENTIFIER, expecting keyword_end
app/views/users/new.html.erb:33: syntax error, unexpected '<'
app/views/users/new.html.erb:33: unterminated regexp meets end of file
Started GET "/users/new" for 127.0.0.1 at 2017-12-21 00:01:02 -0500
Processing by UsersController#new as HTML
  Rendering users/new.html.erb within layouts/application
  Rendered users/new.html.erb within layouts/application (10.5ms)
Completed 500 Internal Server Error in 18ms (ActiveRecord: 0.0ms)


  
SyntaxError (/home/user/re-former/app/views/users/new.html.erb:14: syntax error, unexpected tCONSTANT, expecting keyword_end
... label_tag(:username, 'Username') );@output_buffer.safe_appe...
...                               ^
/home/user/re-former/app/views/users/new.html.erb:15: syntax error, unexpected tIDENTIFIER, expecting keyword_end
....append=(# text_field_tag('user[username]') );@output_buffer...
...                               ^
/home/user/re-former/app/views/users/new.html.erb:15: syntax error, unexpected tSTRING_BEG, expecting keyword_end
...text_field_tag('user[username]') );@output_buffer.safe_appen...
...                               ^
/home/user/re-former/app/views/users/new.html.erb:16: syntax error, unexpected tCONSTANT, expecting keyword_end
...end=(# label_tag(:email, 'Email') );@output_buffer.safe_appe...
...                               ^
/home/user/re-former/app/views/users/new.html.erb:17: syntax error, unexpected tIDENTIFIER, expecting keyword_end
....append=(# text_field_tag('user[email]') );@output_buffer.sa...
...                               ^
/home/user/re-former/app/views/users/new.html.erb:17: syntax error, unexpected tSTRING_BEG, expecting keyword_end
...(# text_field_tag('user[email]') );@output_buffer.safe_appen...
...                               ^
/home/user/re-former/app/views/users/new.html.erb:18: syntax error, unexpected tCONSTANT, expecting keyword_end
... label_tag(:password, 'Password') );@output_buffer.safe_appe...
...                               ^
/home/user/re-former/app/views/users/new.html.erb:19: syntax error, unexpected tIDENTIFIER, expecting keyword_end
...end=(# password_field_tag('user[password]') );@output_buffer...
...                               ^
/home/user/re-former/app/views/users/new.html.erb:19: syntax error, unexpected tSTRING_BEG, expecting keyword_end
...word_field_tag('user[password]') );@output_buffer.safe_appen...
...                               ^
/home/user/re-former/app/views/users/new.html.erb:19: syntax error, unexpected '<'
...utput_buffer.safe_append='<br><br>
...                               ^
/home/user/re-former/app/views/users/new.html.erb:20: syntax error, unexpected tCONSTANT, expecting keyword_end
...er.append=(# submit_tag('Submit') );@output_buffer.safe_appe...
...                               ^
/home/user/re-former/app/views/users/new.html.erb:22: syntax error, unexpected '\n', expecting keyword_do_LAMBDA or tLAMBEG
/home/user/re-former/app/views/users/new.html.erb:25: syntax error, unexpected '<'
<form accept-charset = "UTF-8" action = "/users" method = "post">
 ^
/home/user/re-former/app/views/users/new.html.erb:25: syntax error, unexpected tIDENTIFIER, expecting keyword_end
<form accept-charset = "UTF-8" action = "/users" method = "post">
                                     ^
/home/user/re-former/app/views/users/new.html.erb:25: syntax error, unexpected tIDENTIFIER, expecting keyword_end
<form accept-charset = "UTF-8" action = "/users" method = "post">
                                                       ^
/home/user/re-former/app/views/users/new.html.erb:26: syntax error, unexpected '<'
  <input type = "hidden" name = ...
   ^
/home/user/re-former/app/views/users/new.html.erb:26: syntax error, unexpected tIDENTIFIER, expecting keyword_end
  <input type = "hidden" name = "authenticity_token" value...
                             ^
/home/user/re-former/app/views/users/new.html.erb:26: syntax error, unexpected tIDENTIFIER, expecting keyword_end
...me = "authenticity_token" value = "'.freeze;@output_buffer.a...
...                               ^
/home/user/re-former/app/views/users/new.html.erb:27: syntax error, unexpected tSYMBEG, expecting keyword_do or '{' or '('
  Username:<br>
           ^
/home/user/re-former/app/views/users/new.html.erb:28: syntax error, unexpected tIDENTIFIER, expecting keyword_end
  <input type = "text" name = "user[username]"><br>
                           ^
/home/user/re-former/app/views/users/new.html.erb:28: syntax error, unexpected '<'
  <input type = "text" name = "user[username]"><br>
                                                ^
/home/user/re-former/app/views/users/new.html.erb:29: syntax error, unexpected tSYMBEG, expecting keyword_do or '{' or '('
  Email:<br>
        ^
/home/user/re-former/app/views/users/new.html.erb:30: syntax error, unexpected tIDENTIFIER, expecting keyword_end
  <input type = "email" name = "user[email]"><br>
                            ^
/home/user/re-former/app/views/users/new.html.erb:30: syntax error, unexpected '<'
  <input type = "email" name = "user[email]"><br>
                                              ^
/home/user/re-former/app/views/users/new.html.erb:31: syntax error, unexpected tSYMBEG, expecting keyword_do or '{' or '('
  Password:<br>
           ^
/home/user/re-former/app/views/users/new.html.erb:32: syntax error, unexpected tIDENTIFIER, expecting keyword_end
  <input type = "password" name = "user[password]"><br><br>
                               ^
/home/user/re-former/app/views/users/new.html.erb:32: syntax error, unexpected '<'
  <input type = "password" name = "user[password]"><br><br>
                                                    ^
/home/user/re-former/app/views/users/new.html.erb:33: syntax error, unexpected tIDENTIFIER, expecting keyword_end
  <input type = "submit" name = "Submit">
                             ^
/home/user/re-former/app/views/users/new.html.erb:34: syntax error, unexpected '<'
</form>
 ^
/home/user/re-former/app/views/users/new.html.erb:34: unterminated regexp meets end of file):
  
app/views/users/new.html.erb:14: syntax error, unexpected tCONSTANT, expecting keyword_end
app/views/users/new.html.erb:15: syntax error, unexpected tIDENTIFIER, expecting keyword_end
app/views/users/new.html.erb:15: syntax error, unexpected tSTRING_BEG, expecting keyword_end
app/views/users/new.html.erb:16: syntax error, unexpected tCONSTANT, expecting keyword_end
app/views/users/new.html.erb:17: syntax error, unexpected tIDENTIFIER, expecting keyword_end
app/views/users/new.html.erb:17: syntax error, unexpected tSTRING_BEG, expecting keyword_end
app/views/users/new.html.erb:18: syntax error, unexpected tCONSTANT, expecting keyword_end
app/views/users/new.html.erb:19: syntax error, unexpected tIDENTIFIER, expecting keyword_end
app/views/users/new.html.erb:19: syntax error, unexpected tSTRING_BEG, expecting keyword_end
app/views/users/new.html.erb:19: syntax error, unexpected '<'
app/views/users/new.html.erb:20: syntax error, unexpected tCONSTANT, expecting keyword_end
app/views/users/new.html.erb:22: syntax error, unexpected '\n', expecting keyword_do_LAMBDA or tLAMBEG
app/views/users/new.html.erb:25: syntax error, unexpected '<'
app/views/users/new.html.erb:25: syntax error, unexpected tIDENTIFIER, expecting keyword_end
app/views/users/new.html.erb:25: syntax error, unexpected tIDENTIFIER, expecting keyword_end
app/views/users/new.html.erb:26: syntax error, unexpected '<'
app/views/users/new.html.erb:26: syntax error, unexpected tIDENTIFIER, expecting keyword_end
app/views/users/new.html.erb:26: syntax error, unexpected tIDENTIFIER, expecting keyword_end
app/views/users/new.html.erb:27: syntax error, unexpected tSYMBEG, expecting keyword_do or '{' or '('
app/views/users/new.html.erb:28: syntax error, unexpected tIDENTIFIER, expecting keyword_end
app/views/users/new.html.erb:28: syntax error, unexpected '<'
app/views/users/new.html.erb:29: syntax error, unexpected tSYMBEG, expecting keyword_do or '{' or '('
app/views/users/new.html.erb:30: syntax error, unexpected tIDENTIFIER, expecting keyword_end
app/views/users/new.html.erb:30: syntax error, unexpected '<'
app/views/users/new.html.erb:31: syntax error, unexpected tSYMBEG, expecting keyword_do or '{' or '('
app/views/users/new.html.erb:32: syntax error, unexpected tIDENTIFIER, expecting keyword_end
app/views/users/new.html.erb:32: syntax error, unexpected '<'
app/views/users/new.html.erb:33: syntax error, unexpected tIDENTIFIER, expecting keyword_end
app/views/users/new.html.erb:34: syntax error, unexpected '<'
app/views/users/new.html.erb:34: unterminated regexp meets end of file
Started GET "/users/new" for 127.0.0.1 at 2017-12-21 00:01:26 -0500
Processing by UsersController#new as HTML
  Rendering users/new.html.erb within layouts/application
  Rendered users/new.html.erb within layouts/application (290.3ms)
Completed 200 OK in 420ms (Views: 417.3ms | ActiveRecord: 0.0ms)


Started GET "/users/new" for 127.0.0.1 at 2017-12-21 00:01:52 -0500
Processing by UsersController#new as HTML
  Rendering users/new.html.erb within layouts/application
  Rendered users/new.html.erb within layouts/application (4.7ms)
Completed 500 Internal Server Error in 14ms (ActiveRecord: 0.0ms)


  
SyntaxError (/home/user/re-former/app/views/users/new.html.erb:14: syntax error, unexpected tCONSTANT, expecting keyword_end
... label_tag(:username, 'Username') );@output_buffer.safe_appe...
...                               ^
/home/user/re-former/app/views/users/new.html.erb:15: syntax error, unexpected tIDENTIFIER, expecting keyword_end
....append=(# text_field_tag('user[username]') );@output_buffer...
...                               ^
/home/user/re-former/app/views/users/new.html.erb:15: syntax error, unexpected tSTRING_BEG, expecting keyword_end
...text_field_tag('user[username]') );@output_buffer.safe_appen...
...                               ^
/home/user/re-former/app/views/users/new.html.erb:16: syntax error, unexpected tCONSTANT, expecting keyword_end
...end=(# label_tag(:email, 'Email') );@output_buffer.safe_appe...
...                               ^
/home/user/re-former/app/views/users/new.html.erb:17: syntax error, unexpected tIDENTIFIER, expecting keyword_end
....append=(# text_field_tag('user[email]') );@output_buffer.sa...
...                               ^
/home/user/re-former/app/views/users/new.html.erb:17: syntax error, unexpected tSTRING_BEG, expecting keyword_end
...(# text_field_tag('user[email]') );@output_buffer.safe_appen...
...                               ^
/home/user/re-former/app/views/users/new.html.erb:18: syntax error, unexpected tCONSTANT, expecting keyword_end
... label_tag(:password, 'Password') );@output_buffer.safe_appe...
...                               ^
/home/user/re-former/app/views/users/new.html.erb:19: syntax error, unexpected tIDENTIFIER, expecting keyword_end
...end=(# password_field_tag('user[password]') );@output_buffer...
...                               ^
/home/user/re-former/app/views/users/new.html.erb:19: syntax error, unexpected tSTRING_BEG, expecting keyword_end
...word_field_tag('user[password]') );@output_buffer.safe_appen...
...                               ^
/home/user/re-former/app/views/users/new.html.erb:19: syntax error, unexpected '<'
...utput_buffer.safe_append='<br><br>
...                               ^
/home/user/re-former/app/views/users/new.html.erb:20: syntax error, unexpected tCONSTANT, expecting keyword_end
...er.append=(# submit_tag('Submit') );@output_buffer.safe_appe...
...                               ^
/home/user/re-former/app/views/users/new.html.erb:22: syntax error, unexpected '\n', expecting keyword_do_LAMBDA or tLAMBEG
/home/user/re-former/app/views/users/new.html.erb:25: syntax error, unexpected '<'
<form accept-charset = "UTF-8" action = "/users" method = "post">
 ^
/home/user/re-former/app/views/users/new.html.erb:25: syntax error, unexpected tIDENTIFIER, expecting keyword_end
<form accept-charset = "UTF-8" action = "/users" method = "post">
                                     ^
/home/user/re-former/app/views/users/new.html.erb:25: syntax error, unexpected tIDENTIFIER, expecting keyword_end
<form accept-charset = "UTF-8" action = "/users" method = "post">
                                                       ^
/home/user/re-former/app/views/users/new.html.erb:26: syntax error, unexpected '<'
  <input type = "hidden" name = ...
   ^
/home/user/re-former/app/views/users/new.html.erb:26: syntax error, unexpected tIDENTIFIER, expecting keyword_end
  <input type = "hidden" name = "authenticity_token" value...
                             ^
/home/user/re-former/app/views/users/new.html.erb:26: syntax error, unexpected tIDENTIFIER, expecting keyword_end
...me = "authenticity_token" value = "'.freeze;@output_buffer.a...
...                               ^
/home/user/re-former/app/views/users/new.html.erb:27: syntax error, unexpected tSYMBEG, expecting keyword_do or '{' or '('
  Username:<br>
           ^
/home/user/re-former/app/views/users/new.html.erb:28: syntax error, unexpected tIDENTIFIER, expecting keyword_end
  <input type = "text" name = "user[username]"><br>
                           ^
/home/user/re-former/app/views/users/new.html.erb:28: syntax error, unexpected '<'
  <input type = "text" name = "user[username]"><br>
                                                ^
/home/user/re-former/app/views/users/new.html.erb:29: syntax error, unexpected tSYMBEG, expecting keyword_do or '{' or '('
  Email:<br>
        ^
/home/user/re-former/app/views/users/new.html.erb:30: syntax error, unexpected tIDENTIFIER, expecting keyword_end
  <input type = "email" name = "user[email]"><br>
                            ^
/home/user/re-former/app/views/users/new.html.erb:30: syntax error, unexpected '<'
  <input type = "email" name = "user[email]"><br>
                                              ^
/home/user/re-former/app/views/users/new.html.erb:31: syntax error, unexpected tSYMBEG, expecting keyword_do or '{' or '('
  Password:<br>
           ^
/home/user/re-former/app/views/users/new.html.erb:32: syntax error, unexpected tIDENTIFIER, expecting keyword_end
  <input type = "password" name = "user[password]"><br><br>
                               ^
/home/user/re-former/app/views/users/new.html.erb:32: syntax error, unexpected '<'
  <input type = "password" name = "user[password]"><br><br>
                                                    ^
/home/user/re-former/app/views/users/new.html.erb:33: syntax error, unexpected tIDENTIFIER, expecting keyword_end
  <input type = "submit" name = "Submit">
                             ^
/home/user/re-former/app/views/users/new.html.erb:34: syntax error, unexpected '<'
</form>
 ^
/home/user/re-former/app/views/users/new.html.erb:34: unterminated regexp meets end of file):
  
app/views/users/new.html.erb:14: syntax error, unexpected tCONSTANT, expecting keyword_end
app/views/users/new.html.erb:15: syntax error, unexpected tIDENTIFIER, expecting keyword_end
app/views/users/new.html.erb:15: syntax error, unexpected tSTRING_BEG, expecting keyword_end
app/views/users/new.html.erb:16: syntax error, unexpected tCONSTANT, expecting keyword_end
app/views/users/new.html.erb:17: syntax error, unexpected tIDENTIFIER, expecting keyword_end
app/views/users/new.html.erb:17: syntax error, unexpected tSTRING_BEG, expecting keyword_end
app/views/users/new.html.erb:18: syntax error, unexpected tCONSTANT, expecting keyword_end
app/views/users/new.html.erb:19: syntax error, unexpected tIDENTIFIER, expecting keyword_end
app/views/users/new.html.erb:19: syntax error, unexpected tSTRING_BEG, expecting keyword_end
app/views/users/new.html.erb:19: syntax error, unexpected '<'
app/views/users/new.html.erb:20: syntax error, unexpected tCONSTANT, expecting keyword_end
app/views/users/new.html.erb:22: syntax error, unexpected '\n', expecting keyword_do_LAMBDA or tLAMBEG
app/views/users/new.html.erb:25: syntax error, unexpected '<'
app/views/users/new.html.erb:25: syntax error, unexpected tIDENTIFIER, expecting keyword_end
app/views/users/new.html.erb:25: syntax error, unexpected tIDENTIFIER, expecting keyword_end
app/views/users/new.html.erb:26: syntax error, unexpected '<'
app/views/users/new.html.erb:26: syntax error, unexpected tIDENTIFIER, expecting keyword_end
app/views/users/new.html.erb:26: syntax error, unexpected tIDENTIFIER, expecting keyword_end
app/views/users/new.html.erb:27: syntax error, unexpected tSYMBEG, expecting keyword_do or '{' or '('
app/views/users/new.html.erb:28: syntax error, unexpected tIDENTIFIER, expecting keyword_end
app/views/users/new.html.erb:28: syntax error, unexpected '<'
app/views/users/new.html.erb:29: syntax error, unexpected tSYMBEG, expecting keyword_do or '{' or '('
app/views/users/new.html.erb:30: syntax error, unexpected tIDENTIFIER, expecting keyword_end
app/views/users/new.html.erb:30: syntax error, unexpected '<'
app/views/users/new.html.erb:31: syntax error, unexpected tSYMBEG, expecting keyword_do or '{' or '('
app/views/users/new.html.erb:32: syntax error, unexpected tIDENTIFIER, expecting keyword_end
app/views/users/new.html.erb:32: syntax error, unexpected '<'
app/views/users/new.html.erb:33: syntax error, unexpected tIDENTIFIER, expecting keyword_end
app/views/users/new.html.erb:34: syntax error, unexpected '<'
app/views/users/new.html.erb:34: unterminated regexp meets end of file
Started GET "/users/new" for 127.0.0.1 at 2017-12-21 00:02:44 -0500
Processing by UsersController#new as HTML
  Rendering users/new.html.erb within layouts/application
  Rendered users/new.html.erb within layouts/application (2.4ms)
Completed 500 Internal Server Error in 8ms (ActiveRecord: 0.0ms)


  
SyntaxError (/home/user/re-former/app/views/users/new.html.erb:14: syntax error, unexpected tCONSTANT, expecting keyword_end
... label_tag(:username, 'Username') );@output_buffer.safe_appe...
...                               ^
/home/user/re-former/app/views/users/new.html.erb:15: syntax error, unexpected tIDENTIFIER, expecting keyword_end
....append=(# text_field_tag('user[username]') );@output_buffer...
...                               ^
/home/user/re-former/app/views/users/new.html.erb:15: syntax error, unexpected tSTRING_BEG, expecting keyword_end
...text_field_tag('user[username]') );@output_buffer.safe_appen...
...                               ^
/home/user/re-former/app/views/users/new.html.erb:16: syntax error, unexpected tCONSTANT, expecting keyword_end
...end=(# label_tag(:email, 'Email') );@output_buffer.safe_appe...
...                               ^
/home/user/re-former/app/views/users/new.html.erb:17: syntax error, unexpected tIDENTIFIER, expecting keyword_end
....append=(# text_field_tag('user[email]') );@output_buffer.sa...
...                               ^
/home/user/re-former/app/views/users/new.html.erb:17: syntax error, unexpected tSTRING_BEG, expecting keyword_end
...(# text_field_tag('user[email]') );@output_buffer.safe_appen...
...                               ^
/home/user/re-former/app/views/users/new.html.erb:18: syntax error, unexpected tCONSTANT, expecting keyword_end
... label_tag(:password, 'Password') );@output_buffer.safe_appe...
...                               ^
/home/user/re-former/app/views/users/new.html.erb:19: syntax error, unexpected tIDENTIFIER, expecting keyword_end
...end=(# password_field_tag('user[password]') );@output_buffer...
...                               ^
/home/user/re-former/app/views/users/new.html.erb:19: syntax error, unexpected tSTRING_BEG, expecting keyword_end
...word_field_tag('user[password]') );@output_buffer.safe_appen...
...                               ^
/home/user/re-former/app/views/users/new.html.erb:19: syntax error, unexpected '<'
...utput_buffer.safe_append='<br><br>
...                               ^
/home/user/re-former/app/views/users/new.html.erb:20: syntax error, unexpected tCONSTANT, expecting keyword_end
...er.append=(# submit_tag('Submit') );@output_buffer.safe_appe...
...                               ^
/home/user/re-former/app/views/users/new.html.erb:23: syntax error, unexpected '<', expecting keyword_end
/home/user/re-former/app/views/users/new.html.erb:24: syntax error, unexpected '<'
<form accept-charset = "UTF-8" action = "/users" method = "post">
 ^
/home/user/re-former/app/views/users/new.html.erb:24: syntax error, unexpected tIDENTIFIER, expecting keyword_end
<form accept-charset = "UTF-8" action = "/users" method = "post">
                                     ^
/home/user/re-former/app/views/users/new.html.erb:24: syntax error, unexpected tIDENTIFIER, expecting keyword_end
<form accept-charset = "UTF-8" action = "/users" method = "post">
                                                       ^
/home/user/re-former/app/views/users/new.html.erb:25: syntax error, unexpected '<'
  <input type = "hidden" name = ...
   ^
/home/user/re-former/app/views/users/new.html.erb:25: syntax error, unexpected tIDENTIFIER, expecting keyword_end
  <input type = "hidden" name = "authenticity_token" value...
                             ^
/home/user/re-former/app/views/users/new.html.erb:25: syntax error, unexpected tIDENTIFIER, expecting keyword_end
...me = "authenticity_token" value = "'.freeze;@output_buffer.a...
...                               ^
/home/user/re-former/app/views/users/new.html.erb:26: syntax error, unexpected tSYMBEG, expecting keyword_do or '{' or '('
  Username:<br>
           ^
/home/user/re-former/app/views/users/new.html.erb:27: syntax error, unexpected tIDENTIFIER, expecting keyword_end
  <input type = "text" name = "user[username]"><br>
                           ^
/home/user/re-former/app/views/users/new.html.erb:27: syntax error, unexpected '<'
  <input type = "text" name = "user[username]"><br>
                                                ^
/home/user/re-former/app/views/users/new.html.erb:28: syntax error, unexpected tSYMBEG, expecting keyword_do or '{' or '('
  Email:<br>
        ^
/home/user/re-former/app/views/users/new.html.erb:29: syntax error, unexpected tIDENTIFIER, expecting keyword_end
  <input type = "email" name = "user[email]"><br>
                            ^
/home/user/re-former/app/views/users/new.html.erb:29: syntax error, unexpected '<'
  <input type = "email" name = "user[email]"><br>
                                              ^
/home/user/re-former/app/views/users/new.html.erb:30: syntax error, unexpected tSYMBEG, expecting keyword_do or '{' or '('
  Password:<br>
           ^
/home/user/re-former/app/views/users/new.html.erb:31: syntax error, unexpected tIDENTIFIER, expecting keyword_end
  <input type = "password" name = "user[password]"><br><br>
                               ^
/home/user/re-former/app/views/users/new.html.erb:31: syntax error, unexpected '<'
  <input type = "password" name = "user[password]"><br><br>
                                                    ^
/home/user/re-former/app/views/users/new.html.erb:32: syntax error, unexpected tIDENTIFIER, expecting keyword_end
  <input type = "submit" name = "Submit">
                             ^
/home/user/re-former/app/views/users/new.html.erb:33: syntax error, unexpected '<'
</form>
 ^
/home/user/re-former/app/views/users/new.html.erb:33: unterminated regexp meets end of file):
  
app/views/users/new.html.erb:14: syntax error, unexpected tCONSTANT, expecting keyword_end
app/views/users/new.html.erb:15: syntax error, unexpected tIDENTIFIER, expecting keyword_end
app/views/users/new.html.erb:15: syntax error, unexpected tSTRING_BEG, expecting keyword_end
app/views/users/new.html.erb:16: syntax error, unexpected tCONSTANT, expecting keyword_end
app/views/users/new.html.erb:17: syntax error, unexpected tIDENTIFIER, expecting keyword_end
app/views/users/new.html.erb:17: syntax error, unexpected tSTRING_BEG, expecting keyword_end
app/views/users/new.html.erb:18: syntax error, unexpected tCONSTANT, expecting keyword_end
app/views/users/new.html.erb:19: syntax error, unexpected tIDENTIFIER, expecting keyword_end
app/views/users/new.html.erb:19: syntax error, unexpected tSTRING_BEG, expecting keyword_end
app/views/users/new.html.erb:19: syntax error, unexpected '<'
app/views/users/new.html.erb:20: syntax error, unexpected tCONSTANT, expecting keyword_end
app/views/users/new.html.erb:23: syntax error, unexpected '<', expecting keyword_end
app/views/users/new.html.erb:24: syntax error, unexpected '<'
app/views/users/new.html.erb:24: syntax error, unexpected tIDENTIFIER, expecting keyword_end
app/views/users/new.html.erb:24: syntax error, unexpected tIDENTIFIER, expecting keyword_end
app/views/users/new.html.erb:25: syntax error, unexpected '<'
app/views/users/new.html.erb:25: syntax error, unexpected tIDENTIFIER, expecting keyword_end
app/views/users/new.html.erb:25: syntax error, unexpected tIDENTIFIER, expecting keyword_end
app/views/users/new.html.erb:26: syntax error, unexpected tSYMBEG, expecting keyword_do or '{' or '('
app/views/users/new.html.erb:27: syntax error, unexpected tIDENTIFIER, expecting keyword_end
app/views/users/new.html.erb:27: syntax error, unexpected '<'
app/views/users/new.html.erb:28: syntax error, unexpected tSYMBEG, expecting keyword_do or '{' or '('
app/views/users/new.html.erb:29: syntax error, unexpected tIDENTIFIER, expecting keyword_end
app/views/users/new.html.erb:29: syntax error, unexpected '<'
app/views/users/new.html.erb:30: syntax error, unexpected tSYMBEG, expecting keyword_do or '{' or '('
app/views/users/new.html.erb:31: syntax error, unexpected tIDENTIFIER, expecting keyword_end
app/views/users/new.html.erb:31: syntax error, unexpected '<'
app/views/users/new.html.erb:32: syntax error, unexpected tIDENTIFIER, expecting keyword_end
app/views/users/new.html.erb:33: syntax error, unexpected '<'
app/views/users/new.html.erb:33: unterminated regexp meets end of file
Started GET "/users/new" for 127.0.0.1 at 2017-12-21 00:03:37 -0500
Processing by UsersController#new as HTML
  Rendering users/new.html.erb within layouts/application
  Rendered users/new.html.erb within layouts/application (6.0ms)
Completed 500 Internal Server Error in 13ms (ActiveRecord: 0.0ms)


  
SyntaxError (/home/user/re-former/app/views/users/new.html.erb:14: syntax error, unexpected tCONSTANT, expecting keyword_end
... label_tag(:username, 'Username') );@output_buffer.safe_appe...
...                               ^
/home/user/re-former/app/views/users/new.html.erb:15: syntax error, unexpected tIDENTIFIER, expecting keyword_end
....append=(# text_field_tag('user[username]') );@output_buffer...
...                               ^
/home/user/re-former/app/views/users/new.html.erb:15: syntax error, unexpected tSTRING_BEG, expecting keyword_end
...text_field_tag('user[username]') );@output_buffer.safe_appen...
...                               ^
/home/user/re-former/app/views/users/new.html.erb:16: syntax error, unexpected tCONSTANT, expecting keyword_end
...end=(# label_tag(:email, 'Email') );@output_buffer.safe_appe...
...                               ^
/home/user/re-former/app/views/users/new.html.erb:17: syntax error, unexpected tIDENTIFIER, expecting keyword_end
....append=(# text_field_tag('user[email]') );@output_buffer.sa...
...                               ^
/home/user/re-former/app/views/users/new.html.erb:17: syntax error, unexpected tSTRING_BEG, expecting keyword_end
...(# text_field_tag('user[email]') );@output_buffer.safe_appen...
...                               ^
/home/user/re-former/app/views/users/new.html.erb:18: syntax error, unexpected tCONSTANT, expecting keyword_end
... label_tag(:password, 'Password') );@output_buffer.safe_appe...
...                               ^
/home/user/re-former/app/views/users/new.html.erb:19: syntax error, unexpected tIDENTIFIER, expecting keyword_end
...end=(# password_field_tag('user[password]') );@output_buffer...
...                               ^
/home/user/re-former/app/views/users/new.html.erb:19: syntax error, unexpected tSTRING_BEG, expecting keyword_end
...word_field_tag('user[password]') );@output_buffer.safe_appen...
...                               ^
/home/user/re-former/app/views/users/new.html.erb:19: syntax error, unexpected '<'
...utput_buffer.safe_append='<br><br>
...                               ^
/home/user/re-former/app/views/users/new.html.erb:20: syntax error, unexpected tCONSTANT, expecting keyword_end
...er.append=(# submit_tag('Submit') );@output_buffer.safe_appe...
...                               ^
/home/user/re-former/app/views/users/new.html.erb:22: syntax error, unexpected '\n', expecting keyword_do_LAMBDA or tLAMBEG
/home/user/re-former/app/views/users/new.html.erb:25: syntax error, unexpected '<'
<form accept-charset = "UTF-8" action = "/users" method = "post">
 ^
/home/user/re-former/app/views/users/new.html.erb:25: syntax error, unexpected tIDENTIFIER, expecting keyword_end
<form accept-charset = "UTF-8" action = "/users" method = "post">
                                     ^
/home/user/re-former/app/views/users/new.html.erb:25: syntax error, unexpected tIDENTIFIER, expecting keyword_end
<form accept-charset = "UTF-8" action = "/users" method = "post">
                                                       ^
/home/user/re-former/app/views/users/new.html.erb:26: syntax error, unexpected '<'
  <input type = "hidden" name = ...
   ^
/home/user/re-former/app/views/users/new.html.erb:26: syntax error, unexpected tIDENTIFIER, expecting keyword_end
  <input type = "hidden" name = "authenticity_token" value...
                             ^
/home/user/re-former/app/views/users/new.html.erb:26: syntax error, unexpected tIDENTIFIER, expecting keyword_end
...me = "authenticity_token" value = "'.freeze;@output_buffer.a...
...                               ^
/home/user/re-former/app/views/users/new.html.erb:27: syntax error, unexpected tSYMBEG, expecting keyword_do or '{' or '('
  Username:<br>
           ^
/home/user/re-former/app/views/users/new.html.erb:28: syntax error, unexpected tIDENTIFIER, expecting keyword_end
  <input type = "text" name = "user[username]"><br>
                           ^
/home/user/re-former/app/views/users/new.html.erb:28: syntax error, unexpected '<'
  <input type = "text" name = "user[username]"><br>
                                                ^
/home/user/re-former/app/views/users/new.html.erb:29: syntax error, unexpected tSYMBEG, expecting keyword_do or '{' or '('
  Email:<br>
        ^
/home/user/re-former/app/views/users/new.html.erb:30: syntax error, unexpected tIDENTIFIER, expecting keyword_end
  <input type = "email" name = "user[email]"><br>
                            ^
/home/user/re-former/app/views/users/new.html.erb:30: syntax error, unexpected '<'
  <input type = "email" name = "user[email]"><br>
                                              ^
/home/user/re-former/app/views/users/new.html.erb:31: syntax error, unexpected tSYMBEG, expecting keyword_do or '{' or '('
  Password:<br>
           ^
/home/user/re-former/app/views/users/new.html.erb:32: syntax error, unexpected tIDENTIFIER, expecting keyword_end
  <input type = "password" name = "user[password]"><br><br>
                               ^
/home/user/re-former/app/views/users/new.html.erb:32: syntax error, unexpected '<'
  <input type = "password" name = "user[password]"><br><br>
                                                    ^
/home/user/re-former/app/views/users/new.html.erb:33: syntax error, unexpected tIDENTIFIER, expecting keyword_end
  <input type = "submit" name = "Submit">
                             ^
/home/user/re-former/app/views/users/new.html.erb:34: syntax error, unexpected '<'
</form>
 ^
/home/user/re-former/app/views/users/new.html.erb:34: unterminated regexp meets end of file):
  
app/views/users/new.html.erb:14: syntax error, unexpected tCONSTANT, expecting keyword_end
app/views/users/new.html.erb:15: syntax error, unexpected tIDENTIFIER, expecting keyword_end
app/views/users/new.html.erb:15: syntax error, unexpected tSTRING_BEG, expecting keyword_end
app/views/users/new.html.erb:16: syntax error, unexpected tCONSTANT, expecting keyword_end
app/views/users/new.html.erb:17: syntax error, unexpected tIDENTIFIER, expecting keyword_end
app/views/users/new.html.erb:17: syntax error, unexpected tSTRING_BEG, expecting keyword_end
app/views/users/new.html.erb:18: syntax error, unexpected tCONSTANT, expecting keyword_end
app/views/users/new.html.erb:19: syntax error, unexpected tIDENTIFIER, expecting keyword_end
app/views/users/new.html.erb:19: syntax error, unexpected tSTRING_BEG, expecting keyword_end
app/views/users/new.html.erb:19: syntax error, unexpected '<'
app/views/users/new.html.erb:20: syntax error, unexpected tCONSTANT, expecting keyword_end
app/views/users/new.html.erb:22: syntax error, unexpected '\n', expecting keyword_do_LAMBDA or tLAMBEG
app/views/users/new.html.erb:25: syntax error, unexpected '<'
app/views/users/new.html.erb:25: syntax error, unexpected tIDENTIFIER, expecting keyword_end
app/views/users/new.html.erb:25: syntax error, unexpected tIDENTIFIER, expecting keyword_end
app/views/users/new.html.erb:26: syntax error, unexpected '<'
app/views/users/new.html.erb:26: syntax error, unexpected tIDENTIFIER, expecting keyword_end
app/views/users/new.html.erb:26: syntax error, unexpected tIDENTIFIER, expecting keyword_end
app/views/users/new.html.erb:27: syntax error, unexpected tSYMBEG, expecting keyword_do or '{' or '('
app/views/users/new.html.erb:28: syntax error, unexpected tIDENTIFIER, expecting keyword_end
app/views/users/new.html.erb:28: syntax error, unexpected '<'
app/views/users/new.html.erb:29: syntax error, unexpected tSYMBEG, expecting keyword_do or '{' or '('
app/views/users/new.html.erb:30: syntax error, unexpected tIDENTIFIER, expecting keyword_end
app/views/users/new.html.erb:30: syntax error, unexpected '<'
app/views/users/new.html.erb:31: syntax error, unexpected tSYMBEG, expecting keyword_do or '{' or '('
app/views/users/new.html.erb:32: syntax error, unexpected tIDENTIFIER, expecting keyword_end
app/views/users/new.html.erb:32: syntax error, unexpected '<'
app/views/users/new.html.erb:33: syntax error, unexpected tIDENTIFIER, expecting keyword_end
app/views/users/new.html.erb:34: syntax error, unexpected '<'
app/views/users/new.html.erb:34: unterminated regexp meets end of file
Started GET "/users/new" for 127.0.0.1 at 2017-12-21 00:03:53 -0500
Processing by UsersController#new as HTML
  Rendering users/new.html.erb within layouts/application
  Rendered users/new.html.erb within layouts/application (15.8ms)
Completed 200 OK in 101ms (Views: 97.8ms | ActiveRecord: 0.0ms)


Started GET "/users/new" for 127.0.0.1 at 2017-12-21 00:04:25 -0500
Processing by UsersController#new as HTML
  Rendering users/new.html.erb within layouts/application
  Rendered users/new.html.erb within layouts/application (9.9ms)
Completed 200 OK in 86ms (Views: 82.2ms | ActiveRecord: 0.0ms)


